2023-05-14 11:29:51.484 [main] INFO  com.atguigu.EduApplication - Starting EduApplication using Java 1.8.0_341 on LAPTOP-DH3774AL with PID 14720 (E:\java\projects\guli_parent\service\service_edu\target\classes started by jasper in E:\java\projects\guli_parent)
2023-05-14 11:29:51.486 [main] INFO  com.atguigu.EduApplication - The following 1 profile is active: "dev"
2023-05-14 11:29:52.539 [main] INFO  o.s.b.w.e.tomcat.TomcatWebServer - Tomcat initialized with port(s): 8001 (http)
2023-05-14 11:29:52.545 [main] INFO  o.a.catalina.core.StandardService - Starting service [Tomcat]
2023-05-14 11:29:52.546 [main] INFO  o.a.catalina.core.StandardEngine - Starting Servlet engine: [Apache Tomcat/9.0.74]
2023-05-14 11:29:52.663 [main] INFO  o.a.c.c.C.[Tomcat].[localhost].[/] - Initializing Spring embedded WebApplicationContext
2023-05-14 11:29:52.664 [main] INFO  o.s.b.w.s.c.ServletWebServerApplicationContext - Root WebApplicationContext: initialization completed in 1141 ms
2023-05-14 11:29:54.000 [main] INFO  o.s.b.w.e.tomcat.TomcatWebServer - Tomcat started on port(s): 8001 (http) with context path ''
2023-05-14 11:29:54.184 [main] INFO  com.atguigu.EduApplication - Started EduApplication in 3.122 seconds (JVM running for 4.061)
2023-05-14 11:32:56.223 [main] INFO  com.atguigu.EduApplication - Starting EduApplication using Java 1.8.0_341 on LAPTOP-DH3774AL with PID 33180 (E:\java\projects\guli_parent\service\service_edu\target\classes started by jasper in E:\java\projects\guli_parent)
2023-05-14 11:32:56.225 [main] INFO  com.atguigu.EduApplication - The following 1 profile is active: "dev"
2023-05-14 11:32:57.107 [main] INFO  o.s.b.w.e.tomcat.TomcatWebServer - Tomcat initialized with port(s): 8001 (http)
2023-05-14 11:32:57.114 [main] INFO  o.a.catalina.core.StandardService - Starting service [Tomcat]
2023-05-14 11:32:57.114 [main] INFO  o.a.catalina.core.StandardEngine - Starting Servlet engine: [Apache Tomcat/9.0.74]
2023-05-14 11:32:57.222 [main] INFO  o.a.c.c.C.[Tomcat].[localhost].[/] - Initializing Spring embedded WebApplicationContext
2023-05-14 11:32:57.222 [main] INFO  o.s.b.w.s.c.ServletWebServerApplicationContext - Root WebApplicationContext: initialization completed in 969 ms
2023-05-14 11:32:58.493 [main] INFO  o.s.b.w.e.tomcat.TomcatWebServer - Tomcat started on port(s): 8001 (http) with context path ''
2023-05-14 11:32:58.680 [main] INFO  com.atguigu.EduApplication - Started EduApplication in 2.774 seconds (JVM running for 3.662)
2023-05-14 11:33:05.280 [http-nio-8001-exec-2] INFO  o.a.c.c.C.[Tomcat].[localhost].[/] - Initializing Spring DispatcherServlet 'dispatcherServlet'
2023-05-14 11:33:05.281 [http-nio-8001-exec-2] INFO  o.s.web.servlet.DispatcherServlet - Initializing Servlet 'dispatcherServlet'
2023-05-14 11:33:05.281 [http-nio-8001-exec-2] INFO  o.s.web.servlet.DispatcherServlet - Completed initialization in 0 ms
2023-05-14 15:52:53.037 [http-nio-8001-exec-3] WARN  o.s.w.s.m.m.a.ExceptionHandlerExceptionResolver - Failure in @ExceptionHandler com.atguigu.handler.GlobalExceptionHandler#error(Exception)
java.lang.NoClassDefFoundError: com/atguigu/common_utils/ResultCode
	at com.atguigu.common_utils.Result.fail(Result.java:43)
	at com.atguigu.handler.GlobalExceptionHandler.error(GlobalExceptionHandler.java:23)
	at sun.reflect.NativeMethodAccessorImpl.invoke0(Native Method)
	at sun.reflect.NativeMethodAccessorImpl.invoke(NativeMethodAccessorImpl.java:62)
	at sun.reflect.DelegatingMethodAccessorImpl.invoke(DelegatingMethodAccessorImpl.java:43)
	at java.lang.reflect.Method.invoke(Method.java:498)
	at org.springframework.web.method.support.InvocableHandlerMethod.doInvoke(InvocableHandlerMethod.java:205)
	at org.springframework.web.method.support.InvocableHandlerMethod.invokeForRequest(InvocableHandlerMethod.java:150)
	at org.springframework.web.servlet.mvc.method.annotation.ServletInvocableHandlerMethod.invokeAndHandle(ServletInvocableHandlerMethod.java:117)
	at org.springframework.web.servlet.mvc.method.annotation.ExceptionHandlerExceptionResolver.doResolveHandlerMethodException(ExceptionHandlerExceptionResolver.java:428)
	at org.springframework.web.servlet.handler.AbstractHandlerMethodExceptionResolver.doResolveException(AbstractHandlerMethodExceptionResolver.java:75)
	at org.springframework.web.servlet.handler.AbstractHandlerExceptionResolver.resolveException(AbstractHandlerExceptionResolver.java:142)
	at org.springframework.web.servlet.handler.HandlerExceptionResolverComposite.resolveException(HandlerExceptionResolverComposite.java:80)
	at org.springframework.web.servlet.DispatcherServlet.processHandlerException(DispatcherServlet.java:1332)
	at org.springframework.web.servlet.DispatcherServlet.processDispatchResult(DispatcherServlet.java:1143)
	at org.springframework.web.servlet.DispatcherServlet.doDispatch(DispatcherServlet.java:1089)
	at org.springframework.web.servlet.DispatcherServlet.doService(DispatcherServlet.java:965)
	at org.springframework.web.servlet.FrameworkServlet.processRequest(FrameworkServlet.java:1006)
	at org.springframework.web.servlet.FrameworkServlet.doGet(FrameworkServlet.java:898)
	at javax.servlet.http.HttpServlet.service(HttpServlet.java:529)
	at org.springframework.web.servlet.FrameworkServlet.service(FrameworkServlet.java:883)
	at javax.servlet.http.HttpServlet.service(HttpServlet.java:623)
	at org.apache.catalina.core.ApplicationFilterChain.internalDoFilter(ApplicationFilterChain.java:209)
	at org.apache.catalina.core.ApplicationFilterChain.doFilter(ApplicationFilterChain.java:153)
	at org.apache.tomcat.websocket.server.WsFilter.doFilter(WsFilter.java:51)
	at org.apache.catalina.core.ApplicationFilterChain.internalDoFilter(ApplicationFilterChain.java:178)
	at org.apache.catalina.core.ApplicationFilterChain.doFilter(ApplicationFilterChain.java:153)
	at org.springframework.web.filter.RequestContextFilter.doFilterInternal(RequestContextFilter.java:100)
	at org.springframework.web.filter.OncePerRequestFilter.doFilter(OncePerRequestFilter.java:117)
	at org.apache.catalina.core.ApplicationFilterChain.internalDoFilter(ApplicationFilterChain.java:178)
	at org.apache.catalina.core.ApplicationFilterChain.doFilter(ApplicationFilterChain.java:153)
	at org.springframework.web.filter.FormContentFilter.doFilterInternal(FormContentFilter.java:93)
	at org.springframework.web.filter.OncePerRequestFilter.doFilter(OncePerRequestFilter.java:117)
	at org.apache.catalina.core.ApplicationFilterChain.internalDoFilter(ApplicationFilterChain.java:178)
	at org.apache.catalina.core.ApplicationFilterChain.doFilter(ApplicationFilterChain.java:153)
	at org.springframework.web.filter.CharacterEncodingFilter.doFilterInternal(CharacterEncodingFilter.java:201)
	at org.springframework.web.filter.OncePerRequestFilter.doFilter(OncePerRequestFilter.java:117)
	at org.apache.catalina.core.ApplicationFilterChain.internalDoFilter(ApplicationFilterChain.java:178)
	at org.apache.catalina.core.ApplicationFilterChain.doFilter(ApplicationFilterChain.java:153)
	at org.apache.catalina.core.StandardWrapperValve.invoke(StandardWrapperValve.java:167)
	at org.apache.catalina.core.StandardContextValve.invoke(StandardContextValve.java:90)
	at org.apache.catalina.authenticator.AuthenticatorBase.invoke(AuthenticatorBase.java:481)
	at org.apache.catalina.core.StandardHostValve.invoke(StandardHostValve.java:130)
	at org.apache.catalina.valves.ErrorReportValve.invoke(ErrorReportValve.java:93)
	at org.apache.catalina.core.StandardEngineValve.invoke(StandardEngineValve.java:74)
	at org.apache.catalina.connector.CoyoteAdapter.service(CoyoteAdapter.java:343)
	at org.apache.coyote.http11.Http11Processor.service(Http11Processor.java:389)
	at org.apache.coyote.AbstractProcessorLight.process(AbstractProcessorLight.java:63)
	at org.apache.coyote.AbstractProtocol$ConnectionHandler.process(AbstractProtocol.java:926)
	at org.apache.tomcat.util.net.NioEndpoint$SocketProcessor.doRun(NioEndpoint.java:1791)
	at org.apache.tomcat.util.net.SocketProcessorBase.run(SocketProcessorBase.java:52)
	at org.apache.tomcat.util.threads.ThreadPoolExecutor.runWorker(ThreadPoolExecutor.java:1191)
	at org.apache.tomcat.util.threads.ThreadPoolExecutor$Worker.run(ThreadPoolExecutor.java:659)
	at org.apache.tomcat.util.threads.TaskThread$WrappingRunnable.run(TaskThread.java:61)
	at java.lang.Thread.run(Thread.java:750)
2023-05-14 15:52:53.046 [http-nio-8001-exec-3] ERROR o.a.c.c.C.[.[.[.[dispatcherServlet] - Servlet.service() for servlet [dispatcherServlet] in context with path [] threw exception [Handler dispatch failed; nested exception is java.lang.NoClassDefFoundError: com/atguigu/common_utils/ResultCode] with root cause
java.lang.ClassNotFoundException: com.atguigu.common_utils.ResultCode
	at java.net.URLClassLoader.findClass(URLClassLoader.java:387)
	at java.lang.ClassLoader.loadClass(ClassLoader.java:418)
	at sun.misc.Launcher$AppClassLoader.loadClass(Launcher.java:355)
	at java.lang.ClassLoader.loadClass(ClassLoader.java:351)
	at com.atguigu.common_utils.Result.success(Result.java:23)
	at com.atguigu.config.ResponseAdvice.beforeBodyWrite(ResponseAdvice.java:41)
	at org.springframework.web.servlet.mvc.method.annotation.RequestResponseBodyAdviceChain.processBody(RequestResponseBodyAdviceChain.java:141)
	at org.springframework.web.servlet.mvc.method.annotation.RequestResponseBodyAdviceChain.beforeBodyWrite(RequestResponseBodyAdviceChain.java:116)
	at org.springframework.web.servlet.mvc.method.annotation.AbstractMessageConverterMethodProcessor.writeWithMessageConverters(AbstractMessageConverterMethodProcessor.java:281)
	at org.springframework.web.servlet.mvc.method.annotation.RequestResponseBodyMethodProcessor.handleReturnValue(RequestResponseBodyMethodProcessor.java:183)
	at org.springframework.web.method.support.HandlerMethodReturnValueHandlerComposite.handleReturnValue(HandlerMethodReturnValueHandlerComposite.java:78)
	at org.springframework.web.servlet.mvc.method.annotation.ServletInvocableHandlerMethod.invokeAndHandle(ServletInvocableHandlerMethod.java:135)
	at org.springframework.web.servlet.mvc.method.annotation.RequestMappingHandlerAdapter.invokeHandlerMethod(RequestMappingHandlerAdapter.java:895)
	at org.springframework.web.servlet.mvc.method.annotation.RequestMappingHandlerAdapter.handleInternal(RequestMappingHandlerAdapter.java:808)
	at org.springframework.web.servlet.mvc.method.AbstractHandlerMethodAdapter.handle(AbstractHandlerMethodAdapter.java:87)
	at org.springframework.web.servlet.DispatcherServlet.doDispatch(DispatcherServlet.java:1072)
	at org.springframework.web.servlet.DispatcherServlet.doService(DispatcherServlet.java:965)
	at org.springframework.web.servlet.FrameworkServlet.processRequest(FrameworkServlet.java:1006)
	at org.springframework.web.servlet.FrameworkServlet.doGet(FrameworkServlet.java:898)
	at javax.servlet.http.HttpServlet.service(HttpServlet.java:529)
	at org.springframework.web.servlet.FrameworkServlet.service(FrameworkServlet.java:883)
	at javax.servlet.http.HttpServlet.service(HttpServlet.java:623)
	at org.apache.catalina.core.ApplicationFilterChain.internalDoFilter(ApplicationFilterChain.java:209)
	at org.apache.catalina.core.ApplicationFilterChain.doFilter(ApplicationFilterChain.java:153)
	at org.apache.tomcat.websocket.server.WsFilter.doFilter(WsFilter.java:51)
	at org.apache.catalina.core.ApplicationFilterChain.internalDoFilter(ApplicationFilterChain.java:178)
	at org.apache.catalina.core.ApplicationFilterChain.doFilter(ApplicationFilterChain.java:153)
	at org.springframework.web.filter.RequestContextFilter.doFilterInternal(RequestContextFilter.java:100)
	at org.springframework.web.filter.OncePerRequestFilter.doFilter(OncePerRequestFilter.java:117)
	at org.apache.catalina.core.ApplicationFilterChain.internalDoFilter(ApplicationFilterChain.java:178)
	at org.apache.catalina.core.ApplicationFilterChain.doFilter(ApplicationFilterChain.java:153)
	at org.springframework.web.filter.FormContentFilter.doFilterInternal(FormContentFilter.java:93)
	at org.springframework.web.filter.OncePerRequestFilter.doFilter(OncePerRequestFilter.java:117)
	at org.apache.catalina.core.ApplicationFilterChain.internalDoFilter(ApplicationFilterChain.java:178)
	at org.apache.catalina.core.ApplicationFilterChain.doFilter(ApplicationFilterChain.java:153)
	at org.springframework.web.filter.CharacterEncodingFilter.doFilterInternal(CharacterEncodingFilter.java:201)
	at org.springframework.web.filter.OncePerRequestFilter.doFilter(OncePerRequestFilter.java:117)
	at org.apache.catalina.core.ApplicationFilterChain.internalDoFilter(ApplicationFilterChain.java:178)
	at org.apache.catalina.core.ApplicationFilterChain.doFilter(ApplicationFilterChain.java:153)
	at org.apache.catalina.core.StandardWrapperValve.invoke(StandardWrapperValve.java:167)
	at org.apache.catalina.core.StandardContextValve.invoke(StandardContextValve.java:90)
	at org.apache.catalina.authenticator.AuthenticatorBase.invoke(AuthenticatorBase.java:481)
	at org.apache.catalina.core.StandardHostValve.invoke(StandardHostValve.java:130)
	at org.apache.catalina.valves.ErrorReportValve.invoke(ErrorReportValve.java:93)
	at org.apache.catalina.core.StandardEngineValve.invoke(StandardEngineValve.java:74)
	at org.apache.catalina.connector.CoyoteAdapter.service(CoyoteAdapter.java:343)
	at org.apache.coyote.http11.Http11Processor.service(Http11Processor.java:389)
	at org.apache.coyote.AbstractProcessorLight.process(AbstractProcessorLight.java:63)
	at org.apache.coyote.AbstractProtocol$ConnectionHandler.process(AbstractProtocol.java:926)
	at org.apache.tomcat.util.net.NioEndpoint$SocketProcessor.doRun(NioEndpoint.java:1791)
	at org.apache.tomcat.util.net.SocketProcessorBase.run(SocketProcessorBase.java:52)
	at org.apache.tomcat.util.threads.ThreadPoolExecutor.runWorker(ThreadPoolExecutor.java:1191)
	at org.apache.tomcat.util.threads.ThreadPoolExecutor$Worker.run(ThreadPoolExecutor.java:659)
	at org.apache.tomcat.util.threads.TaskThread$WrappingRunnable.run(TaskThread.java:61)
	at java.lang.Thread.run(Thread.java:750)
2023-05-14 15:52:54.638 [http-nio-8001-exec-4] WARN  o.s.w.s.m.m.a.ExceptionHandlerExceptionResolver - Failure in @ExceptionHandler com.atguigu.handler.GlobalExceptionHandler#error(Exception)
java.lang.NoClassDefFoundError: com/atguigu/common_utils/ResultCode
	at com.atguigu.common_utils.Result.fail(Result.java:43)
	at com.atguigu.handler.GlobalExceptionHandler.error(GlobalExceptionHandler.java:23)
	at sun.reflect.NativeMethodAccessorImpl.invoke0(Native Method)
	at sun.reflect.NativeMethodAccessorImpl.invoke(NativeMethodAccessorImpl.java:62)
	at sun.reflect.DelegatingMethodAccessorImpl.invoke(DelegatingMethodAccessorImpl.java:43)
	at java.lang.reflect.Method.invoke(Method.java:498)
	at org.springframework.web.method.support.InvocableHandlerMethod.doInvoke(InvocableHandlerMethod.java:205)
	at org.springframework.web.method.support.InvocableHandlerMethod.invokeForRequest(InvocableHandlerMethod.java:150)
	at org.springframework.web.servlet.mvc.method.annotation.ServletInvocableHandlerMethod.invokeAndHandle(ServletInvocableHandlerMethod.java:117)
	at org.springframework.web.servlet.mvc.method.annotation.ExceptionHandlerExceptionResolver.doResolveHandlerMethodException(ExceptionHandlerExceptionResolver.java:428)
	at org.springframework.web.servlet.handler.AbstractHandlerMethodExceptionResolver.doResolveException(AbstractHandlerMethodExceptionResolver.java:75)
	at org.springframework.web.servlet.handler.AbstractHandlerExceptionResolver.resolveException(AbstractHandlerExceptionResolver.java:142)
	at org.springframework.web.servlet.handler.HandlerExceptionResolverComposite.resolveException(HandlerExceptionResolverComposite.java:80)
	at org.springframework.web.servlet.DispatcherServlet.processHandlerException(DispatcherServlet.java:1332)
	at org.springframework.web.servlet.DispatcherServlet.processDispatchResult(DispatcherServlet.java:1143)
	at org.springframework.web.servlet.DispatcherServlet.doDispatch(DispatcherServlet.java:1089)
	at org.springframework.web.servlet.DispatcherServlet.doService(DispatcherServlet.java:965)
	at org.springframework.web.servlet.FrameworkServlet.processRequest(FrameworkServlet.java:1006)
	at org.springframework.web.servlet.FrameworkServlet.doPost(FrameworkServlet.java:909)
	at javax.servlet.http.HttpServlet.service(HttpServlet.java:555)
	at org.springframework.web.servlet.FrameworkServlet.service(FrameworkServlet.java:883)
	at javax.servlet.http.HttpServlet.service(HttpServlet.java:623)
	at org.apache.catalina.core.ApplicationFilterChain.internalDoFilter(ApplicationFilterChain.java:209)
	at org.apache.catalina.core.ApplicationFilterChain.doFilter(ApplicationFilterChain.java:153)
	at org.apache.tomcat.websocket.server.WsFilter.doFilter(WsFilter.java:51)
	at org.apache.catalina.core.ApplicationFilterChain.internalDoFilter(ApplicationFilterChain.java:178)
	at org.apache.catalina.core.ApplicationFilterChain.doFilter(ApplicationFilterChain.java:153)
	at org.springframework.web.filter.RequestContextFilter.doFilterInternal(RequestContextFilter.java:100)
	at org.springframework.web.filter.OncePerRequestFilter.doFilter(OncePerRequestFilter.java:117)
	at org.apache.catalina.core.ApplicationFilterChain.internalDoFilter(ApplicationFilterChain.java:178)
	at org.apache.catalina.core.ApplicationFilterChain.doFilter(ApplicationFilterChain.java:153)
	at org.springframework.web.filter.FormContentFilter.doFilterInternal(FormContentFilter.java:93)
	at org.springframework.web.filter.OncePerRequestFilter.doFilter(OncePerRequestFilter.java:117)
	at org.apache.catalina.core.ApplicationFilterChain.internalDoFilter(ApplicationFilterChain.java:178)
	at org.apache.catalina.core.ApplicationFilterChain.doFilter(ApplicationFilterChain.java:153)
	at org.springframework.web.filter.CharacterEncodingFilter.doFilterInternal(CharacterEncodingFilter.java:201)
	at org.springframework.web.filter.OncePerRequestFilter.doFilter(OncePerRequestFilter.java:117)
	at org.apache.catalina.core.ApplicationFilterChain.internalDoFilter(ApplicationFilterChain.java:178)
	at org.apache.catalina.core.ApplicationFilterChain.doFilter(ApplicationFilterChain.java:153)
	at org.apache.catalina.core.StandardWrapperValve.invoke(StandardWrapperValve.java:167)
	at org.apache.catalina.core.StandardContextValve.invoke(StandardContextValve.java:90)
	at org.apache.catalina.authenticator.AuthenticatorBase.invoke(AuthenticatorBase.java:481)
	at org.apache.catalina.core.StandardHostValve.invoke(StandardHostValve.java:130)
	at org.apache.catalina.valves.ErrorReportValve.invoke(ErrorReportValve.java:93)
	at org.apache.catalina.core.StandardEngineValve.invoke(StandardEngineValve.java:74)
	at org.apache.catalina.connector.CoyoteAdapter.service(CoyoteAdapter.java:343)
	at org.apache.coyote.http11.Http11Processor.service(Http11Processor.java:389)
	at org.apache.coyote.AbstractProcessorLight.process(AbstractProcessorLight.java:63)
	at org.apache.coyote.AbstractProtocol$ConnectionHandler.process(AbstractProtocol.java:926)
	at org.apache.tomcat.util.net.NioEndpoint$SocketProcessor.doRun(NioEndpoint.java:1791)
	at org.apache.tomcat.util.net.SocketProcessorBase.run(SocketProcessorBase.java:52)
	at org.apache.tomcat.util.threads.ThreadPoolExecutor.runWorker(ThreadPoolExecutor.java:1191)
	at org.apache.tomcat.util.threads.ThreadPoolExecutor$Worker.run(ThreadPoolExecutor.java:659)
	at org.apache.tomcat.util.threads.TaskThread$WrappingRunnable.run(TaskThread.java:61)
	at java.lang.Thread.run(Thread.java:750)
2023-05-14 15:52:54.639 [http-nio-8001-exec-4] ERROR o.a.c.c.C.[.[.[.[dispatcherServlet] - Servlet.service() for servlet [dispatcherServlet] in context with path [] threw exception [Handler dispatch failed; nested exception is java.lang.NoClassDefFoundError: com/atguigu/common_utils/ResultCode] with root cause
java.lang.NoClassDefFoundError: com/atguigu/common_utils/ResultCode
	at com.atguigu.common_utils.Result.success(Result.java:23)
	at com.atguigu.config.ResponseAdvice.beforeBodyWrite(ResponseAdvice.java:41)
	at org.springframework.web.servlet.mvc.method.annotation.RequestResponseBodyAdviceChain.processBody(RequestResponseBodyAdviceChain.java:141)
	at org.springframework.web.servlet.mvc.method.annotation.RequestResponseBodyAdviceChain.beforeBodyWrite(RequestResponseBodyAdviceChain.java:116)
	at org.springframework.web.servlet.mvc.method.annotation.AbstractMessageConverterMethodProcessor.writeWithMessageConverters(AbstractMessageConverterMethodProcessor.java:281)
	at org.springframework.web.servlet.mvc.method.annotation.RequestResponseBodyMethodProcessor.handleReturnValue(RequestResponseBodyMethodProcessor.java:183)
	at org.springframework.web.method.support.HandlerMethodReturnValueHandlerComposite.handleReturnValue(HandlerMethodReturnValueHandlerComposite.java:78)
	at org.springframework.web.servlet.mvc.method.annotation.ServletInvocableHandlerMethod.invokeAndHandle(ServletInvocableHandlerMethod.java:135)
	at org.springframework.web.servlet.mvc.method.annotation.RequestMappingHandlerAdapter.invokeHandlerMethod(RequestMappingHandlerAdapter.java:895)
	at org.springframework.web.servlet.mvc.method.annotation.RequestMappingHandlerAdapter.handleInternal(RequestMappingHandlerAdapter.java:808)
	at org.springframework.web.servlet.mvc.method.AbstractHandlerMethodAdapter.handle(AbstractHandlerMethodAdapter.java:87)
	at org.springframework.web.servlet.DispatcherServlet.doDispatch(DispatcherServlet.java:1072)
	at org.springframework.web.servlet.DispatcherServlet.doService(DispatcherServlet.java:965)
	at org.springframework.web.servlet.FrameworkServlet.processRequest(FrameworkServlet.java:1006)
	at org.springframework.web.servlet.FrameworkServlet.doPost(FrameworkServlet.java:909)
	at javax.servlet.http.HttpServlet.service(HttpServlet.java:555)
	at org.springframework.web.servlet.FrameworkServlet.service(FrameworkServlet.java:883)
	at javax.servlet.http.HttpServlet.service(HttpServlet.java:623)
	at org.apache.catalina.core.ApplicationFilterChain.internalDoFilter(ApplicationFilterChain.java:209)
	at org.apache.catalina.core.ApplicationFilterChain.doFilter(ApplicationFilterChain.java:153)
	at org.apache.tomcat.websocket.server.WsFilter.doFilter(WsFilter.java:51)
	at org.apache.catalina.core.ApplicationFilterChain.internalDoFilter(ApplicationFilterChain.java:178)
	at org.apache.catalina.core.ApplicationFilterChain.doFilter(ApplicationFilterChain.java:153)
	at org.springframework.web.filter.RequestContextFilter.doFilterInternal(RequestContextFilter.java:100)
	at org.springframework.web.filter.OncePerRequestFilter.doFilter(OncePerRequestFilter.java:117)
	at org.apache.catalina.core.ApplicationFilterChain.internalDoFilter(ApplicationFilterChain.java:178)
	at org.apache.catalina.core.ApplicationFilterChain.doFilter(ApplicationFilterChain.java:153)
	at org.springframework.web.filter.FormContentFilter.doFilterInternal(FormContentFilter.java:93)
	at org.springframework.web.filter.OncePerRequestFilter.doFilter(OncePerRequestFilter.java:117)
	at org.apache.catalina.core.ApplicationFilterChain.internalDoFilter(ApplicationFilterChain.java:178)
	at org.apache.catalina.core.ApplicationFilterChain.doFilter(ApplicationFilterChain.java:153)
	at org.springframework.web.filter.CharacterEncodingFilter.doFilterInternal(CharacterEncodingFilter.java:201)
	at org.springframework.web.filter.OncePerRequestFilter.doFilter(OncePerRequestFilter.java:117)
	at org.apache.catalina.core.ApplicationFilterChain.internalDoFilter(ApplicationFilterChain.java:178)
	at org.apache.catalina.core.ApplicationFilterChain.doFilter(ApplicationFilterChain.java:153)
	at org.apache.catalina.core.StandardWrapperValve.invoke(StandardWrapperValve.java:167)
	at org.apache.catalina.core.StandardContextValve.invoke(StandardContextValve.java:90)
	at org.apache.catalina.authenticator.AuthenticatorBase.invoke(AuthenticatorBase.java:481)
	at org.apache.catalina.core.StandardHostValve.invoke(StandardHostValve.java:130)
	at org.apache.catalina.valves.ErrorReportValve.invoke(ErrorReportValve.java:93)
	at org.apache.catalina.core.StandardEngineValve.invoke(StandardEngineValve.java:74)
	at org.apache.catalina.connector.CoyoteAdapter.service(CoyoteAdapter.java:343)
	at org.apache.coyote.http11.Http11Processor.service(Http11Processor.java:389)
	at org.apache.coyote.AbstractProcessorLight.process(AbstractProcessorLight.java:63)
	at org.apache.coyote.AbstractProtocol$ConnectionHandler.process(AbstractProtocol.java:926)
	at org.apache.tomcat.util.net.NioEndpoint$SocketProcessor.doRun(NioEndpoint.java:1791)
	at org.apache.tomcat.util.net.SocketProcessorBase.run(SocketProcessorBase.java:52)
	at org.apache.tomcat.util.threads.ThreadPoolExecutor.runWorker(ThreadPoolExecutor.java:1191)
	at org.apache.tomcat.util.threads.ThreadPoolExecutor$Worker.run(ThreadPoolExecutor.java:659)
	at org.apache.tomcat.util.threads.TaskThread$WrappingRunnable.run(TaskThread.java:61)
	at java.lang.Thread.run(Thread.java:750)
2023-05-14 15:53:20.579 [main] INFO  com.atguigu.EduApplication - Starting EduApplication using Java 1.8.0_341 on LAPTOP-DH3774AL with PID 32816 (E:\java\projects\guli_parent\service\service_edu\target\classes started by jasper in E:\java\projects\guli_parent)
2023-05-14 15:53:20.580 [main] INFO  com.atguigu.EduApplication - The following 1 profile is active: "dev"
2023-05-14 15:53:21.527 [main] INFO  o.s.b.w.e.tomcat.TomcatWebServer - Tomcat initialized with port(s): 8001 (http)
2023-05-14 15:53:21.533 [main] INFO  o.a.catalina.core.StandardService - Starting service [Tomcat]
2023-05-14 15:53:21.533 [main] INFO  o.a.catalina.core.StandardEngine - Starting Servlet engine: [Apache Tomcat/9.0.74]
2023-05-14 15:53:21.667 [main] INFO  o.a.c.c.C.[Tomcat].[localhost].[/] - Initializing Spring embedded WebApplicationContext
2023-05-14 15:53:21.667 [main] INFO  o.s.b.w.s.c.ServletWebServerApplicationContext - Root WebApplicationContext: initialization completed in 1055 ms
2023-05-14 15:53:23.098 [main] INFO  o.s.b.w.e.tomcat.TomcatWebServer - Tomcat started on port(s): 8001 (http) with context path ''
2023-05-14 15:53:23.325 [main] INFO  com.atguigu.EduApplication - Started EduApplication in 3.096 seconds (JVM running for 4.278)
2023-05-14 15:53:27.167 [http-nio-8001-exec-1] INFO  o.a.c.c.C.[Tomcat].[localhost].[/] - Initializing Spring DispatcherServlet 'dispatcherServlet'
2023-05-14 15:53:27.167 [http-nio-8001-exec-1] INFO  o.s.web.servlet.DispatcherServlet - Initializing Servlet 'dispatcherServlet'
2023-05-14 15:53:27.168 [http-nio-8001-exec-1] INFO  o.s.web.servlet.DispatcherServlet - Completed initialization in 1 ms
2023-05-14 16:41:43.897 [http-nio-8001-exec-4] INFO  com.zaxxer.hikari.HikariDataSource - HikariPool-1 - Starting...
2023-05-14 16:41:44.616 [http-nio-8001-exec-4] INFO  com.zaxxer.hikari.HikariDataSource - HikariPool-1 - Start completed.
2023-05-14 16:41:44.624 [http-nio-8001-exec-4] DEBUG c.a.m.E.selectPage_mpCount - ==>  Preparing: SELECT COUNT(*) AS total FROM edu_teacher WHERE is_deleted = 0
2023-05-14 16:41:44.644 [http-nio-8001-exec-4] DEBUG c.a.m.E.selectPage_mpCount - ==> Parameters: 
2023-05-14 16:41:44.665 [http-nio-8001-exec-4] DEBUG c.a.m.E.selectPage_mpCount - <==      Total: 1
2023-05-14 16:41:44.671 [http-nio-8001-exec-4] DEBUG c.a.m.EduTeacherMapper.selectPage - ==>  Preparing: SELECT id,name,intro,career,level,avatar,sort,is_deleted,gmt_create,gmt_modified FROM edu_teacher WHERE is_deleted=0 ORDER BY gmt_create DESC LIMIT ?
2023-05-14 16:41:44.672 [http-nio-8001-exec-4] DEBUG c.a.m.EduTeacherMapper.selectPage - ==> Parameters: 8(Long)
2023-05-14 16:41:44.679 [http-nio-8001-exec-4] DEBUG c.a.m.EduTeacherMapper.selectPage - <==      Total: 8
2023-05-14 16:42:14.766 [http-nio-8001-exec-3] DEBUG c.a.m.E.selectPage_mpCount - ==>  Preparing: SELECT COUNT(*) AS total FROM edu_teacher WHERE is_deleted = 0
2023-05-14 16:42:14.766 [http-nio-8001-exec-3] DEBUG c.a.m.E.selectPage_mpCount - ==> Parameters: 
2023-05-14 16:42:14.767 [http-nio-8001-exec-3] DEBUG c.a.m.E.selectPage_mpCount - <==      Total: 1
2023-05-14 16:42:14.768 [http-nio-8001-exec-3] DEBUG c.a.m.EduTeacherMapper.selectPage - ==>  Preparing: SELECT id,name,intro,career,level,avatar,sort,is_deleted,gmt_create,gmt_modified FROM edu_teacher WHERE is_deleted=0 ORDER BY gmt_create DESC LIMIT ?
2023-05-14 16:42:14.769 [http-nio-8001-exec-3] DEBUG c.a.m.EduTeacherMapper.selectPage - ==> Parameters: 8(Long)
2023-05-14 16:42:14.774 [http-nio-8001-exec-3] DEBUG c.a.m.EduTeacherMapper.selectPage - <==      Total: 8
2023-05-14 16:56:13.720 [http-nio-8001-exec-6] DEBUG c.a.m.E.selectPage_mpCount - ==>  Preparing: SELECT COUNT(*) AS total FROM edu_teacher WHERE is_deleted = 0
2023-05-14 16:56:13.720 [http-nio-8001-exec-6] DEBUG c.a.m.E.selectPage_mpCount - ==> Parameters: 
2023-05-14 16:56:13.721 [http-nio-8001-exec-6] DEBUG c.a.m.E.selectPage_mpCount - <==      Total: 1
2023-05-14 16:56:13.723 [http-nio-8001-exec-6] DEBUG c.a.m.EduTeacherMapper.selectPage - ==>  Preparing: SELECT id,name,intro,career,level,avatar,sort,is_deleted,gmt_create,gmt_modified FROM edu_teacher WHERE is_deleted=0 ORDER BY gmt_create DESC LIMIT ?
2023-05-14 16:56:13.723 [http-nio-8001-exec-6] DEBUG c.a.m.EduTeacherMapper.selectPage - ==> Parameters: 8(Long)
2023-05-14 16:56:13.726 [http-nio-8001-exec-6] DEBUG c.a.m.EduTeacherMapper.selectPage - <==      Total: 8
2023-05-14 16:56:23.039 [http-nio-8001-exec-9] DEBUG c.a.m.E.selectPage_mpCount - ==>  Preparing: SELECT COUNT(*) AS total FROM edu_teacher WHERE is_deleted = 0
2023-05-14 16:56:23.039 [http-nio-8001-exec-9] DEBUG c.a.m.E.selectPage_mpCount - ==> Parameters: 
2023-05-14 16:56:23.042 [http-nio-8001-exec-9] DEBUG c.a.m.E.selectPage_mpCount - <==      Total: 1
2023-05-14 16:56:23.043 [http-nio-8001-exec-9] DEBUG c.a.m.EduTeacherMapper.selectPage - ==>  Preparing: SELECT id,name,intro,career,level,avatar,sort,is_deleted,gmt_create,gmt_modified FROM edu_teacher WHERE is_deleted=0 ORDER BY gmt_create DESC LIMIT ?
2023-05-14 16:56:23.043 [http-nio-8001-exec-9] DEBUG c.a.m.EduTeacherMapper.selectPage - ==> Parameters: 8(Long)
2023-05-14 16:56:23.047 [http-nio-8001-exec-9] DEBUG c.a.m.EduTeacherMapper.selectPage - <==      Total: 8
2023-05-14 16:58:22.269 [http-nio-8001-exec-2] DEBUG c.a.m.E.selectPage_mpCount - ==>  Preparing: SELECT COUNT(*) AS total FROM edu_teacher WHERE is_deleted = 0
2023-05-14 16:58:22.271 [http-nio-8001-exec-2] DEBUG c.a.m.E.selectPage_mpCount - ==> Parameters: 
2023-05-14 16:58:22.272 [http-nio-8001-exec-2] DEBUG c.a.m.E.selectPage_mpCount - <==      Total: 1
2023-05-14 16:58:22.273 [http-nio-8001-exec-2] DEBUG c.a.m.EduTeacherMapper.selectPage - ==>  Preparing: SELECT id,name,intro,career,level,avatar,sort,is_deleted,gmt_create,gmt_modified FROM edu_teacher WHERE is_deleted=0 ORDER BY gmt_create DESC LIMIT ?
2023-05-14 16:58:22.273 [http-nio-8001-exec-2] DEBUG c.a.m.EduTeacherMapper.selectPage - ==> Parameters: 8(Long)
2023-05-14 16:58:22.277 [http-nio-8001-exec-2] DEBUG c.a.m.EduTeacherMapper.selectPage - <==      Total: 8
2023-05-14 18:10:05.547 [http-nio-8001-exec-3] DEBUG c.a.m.E.selectPage_mpCount - ==>  Preparing: SELECT COUNT(*) AS total FROM edu_teacher WHERE is_deleted = 0
2023-05-14 18:10:05.548 [http-nio-8001-exec-3] DEBUG c.a.m.E.selectPage_mpCount - ==> Parameters: 
2023-05-14 18:10:05.549 [http-nio-8001-exec-3] DEBUG c.a.m.E.selectPage_mpCount - <==      Total: 1
2023-05-14 18:10:05.550 [http-nio-8001-exec-3] DEBUG c.a.m.EduTeacherMapper.selectPage - ==>  Preparing: SELECT id,name,intro,career,level,avatar,sort,is_deleted,gmt_create,gmt_modified FROM edu_teacher WHERE is_deleted=0 ORDER BY gmt_create DESC LIMIT ?
2023-05-14 18:10:05.550 [http-nio-8001-exec-3] DEBUG c.a.m.EduTeacherMapper.selectPage - ==> Parameters: 8(Long)
2023-05-14 18:10:05.552 [http-nio-8001-exec-3] DEBUG c.a.m.EduTeacherMapper.selectPage - <==      Total: 8
2023-05-14 18:15:47.088 [http-nio-8001-exec-6] DEBUG c.a.m.E.selectPage_mpCount - ==>  Preparing: SELECT COUNT(*) AS total FROM edu_teacher WHERE is_deleted = 0
2023-05-14 18:15:47.089 [http-nio-8001-exec-6] DEBUG c.a.m.E.selectPage_mpCount - ==> Parameters: 
2023-05-14 18:15:47.091 [http-nio-8001-exec-6] DEBUG c.a.m.E.selectPage_mpCount - <==      Total: 1
2023-05-14 18:15:47.091 [http-nio-8001-exec-6] DEBUG c.a.m.EduTeacherMapper.selectPage - ==>  Preparing: SELECT id,name,intro,career,level,avatar,sort,is_deleted,gmt_create,gmt_modified FROM edu_teacher WHERE is_deleted=0 ORDER BY gmt_create DESC LIMIT ?
2023-05-14 18:15:47.091 [http-nio-8001-exec-6] DEBUG c.a.m.EduTeacherMapper.selectPage - ==> Parameters: 8(Long)
2023-05-14 18:15:47.094 [http-nio-8001-exec-6] DEBUG c.a.m.EduTeacherMapper.selectPage - <==      Total: 8
2023-05-14 18:15:48.359 [http-nio-8001-exec-9] DEBUG c.a.m.E.selectPage_mpCount - ==>  Preparing: SELECT COUNT(*) AS total FROM edu_teacher WHERE is_deleted = 0
2023-05-14 18:15:48.359 [http-nio-8001-exec-9] DEBUG c.a.m.E.selectPage_mpCount - ==> Parameters: 
2023-05-14 18:15:48.361 [http-nio-8001-exec-9] DEBUG c.a.m.E.selectPage_mpCount - <==      Total: 1
2023-05-14 18:15:48.362 [http-nio-8001-exec-9] DEBUG c.a.m.EduTeacherMapper.selectPage - ==>  Preparing: SELECT id,name,intro,career,level,avatar,sort,is_deleted,gmt_create,gmt_modified FROM edu_teacher WHERE is_deleted=0 ORDER BY gmt_create DESC LIMIT ?
2023-05-14 18:15:48.363 [http-nio-8001-exec-9] DEBUG c.a.m.EduTeacherMapper.selectPage - ==> Parameters: 8(Long)
2023-05-14 18:15:48.365 [http-nio-8001-exec-9] DEBUG c.a.m.EduTeacherMapper.selectPage - <==      Total: 8
2023-05-14 18:15:50.657 [http-nio-8001-exec-1] DEBUG c.a.m.E.selectPage_mpCount - ==>  Preparing: SELECT COUNT(*) AS total FROM edu_teacher WHERE is_deleted = 0
2023-05-14 18:15:50.658 [http-nio-8001-exec-1] DEBUG c.a.m.E.selectPage_mpCount - ==> Parameters: 
2023-05-14 18:15:50.659 [http-nio-8001-exec-1] DEBUG c.a.m.E.selectPage_mpCount - <==      Total: 1
2023-05-14 18:15:50.660 [http-nio-8001-exec-1] DEBUG c.a.m.EduTeacherMapper.selectPage - ==>  Preparing: SELECT id,name,intro,career,level,avatar,sort,is_deleted,gmt_create,gmt_modified FROM edu_teacher WHERE is_deleted=0 ORDER BY gmt_create DESC LIMIT ?
2023-05-14 18:15:50.660 [http-nio-8001-exec-1] DEBUG c.a.m.EduTeacherMapper.selectPage - ==> Parameters: 8(Long)
2023-05-14 18:15:50.663 [http-nio-8001-exec-1] DEBUG c.a.m.EduTeacherMapper.selectPage - <==      Total: 8
2023-05-14 23:46:42.184 [SpringApplicationShutdownHook] INFO  com.zaxxer.hikari.HikariDataSource - HikariPool-1 - Shutdown initiated...
2023-05-14 23:46:42.194 [SpringApplicationShutdownHook] INFO  com.zaxxer.hikari.HikariDataSource - HikariPool-1 - Shutdown completed.
2023-05-14 23:46:50.642 [main] INFO  com.atguigu.EduApplication - Starting EduApplication using Java 1.8.0_341 on LAPTOP-DH3774AL with PID 32216 (E:\java\projects\guli_parent\service\service_edu\target\classes started by jasper in E:\java\projects\guli_parent)
2023-05-14 23:46:50.645 [main] INFO  com.atguigu.EduApplication - The following 1 profile is active: "dev"
2023-05-14 23:46:51.649 [main] INFO  o.s.b.w.e.tomcat.TomcatWebServer - Tomcat initialized with port(s): 8001 (http)
2023-05-14 23:46:51.659 [main] INFO  o.a.catalina.core.StandardService - Starting service [Tomcat]
2023-05-14 23:46:51.659 [main] INFO  o.a.catalina.core.StandardEngine - Starting Servlet engine: [Apache Tomcat/9.0.74]
2023-05-14 23:46:52.315 [main] INFO  o.a.c.c.C.[Tomcat].[localhost].[/] - Initializing Spring embedded WebApplicationContext
2023-05-14 23:46:52.315 [main] INFO  o.s.b.w.s.c.ServletWebServerApplicationContext - Root WebApplicationContext: initialization completed in 1642 ms
2023-05-14 23:46:53.660 [main] INFO  o.s.b.w.e.tomcat.TomcatWebServer - Tomcat started on port(s): 8001 (http) with context path ''
2023-05-14 23:46:53.880 [main] INFO  com.atguigu.EduApplication - Started EduApplication in 3.645 seconds (JVM running for 8.066)
