2023-05-22 11:52:15.173 [main] INFO  com.atguigu.EduApplication - Starting EduApplication using Java 1.8.0_371 on jaspercomputer with PID 11676 (D:\java\guli\service\service_edu\target\classes started by 21903 in D:\java\guli)
2023-05-22 11:52:15.176 [main] INFO  com.atguigu.EduApplication - The following 1 profile is active: "dev"
2023-05-22 11:52:16.349 [main] INFO  o.s.b.w.e.tomcat.TomcatWebServer - Tomcat initialized with port(s): 8001 (http)
2023-05-22 11:52:16.356 [main] INFO  o.a.catalina.core.StandardService - Starting service [Tomcat]
2023-05-22 11:52:16.367 [main] INFO  o.a.catalina.core.StandardEngine - Starting Servlet engine: [Apache Tomcat/9.0.74]
2023-05-22 11:52:16.598 [main] INFO  o.a.c.c.C.[Tomcat].[localhost].[/] - Initializing Spring embedded WebApplicationContext
2023-05-22 11:52:16.598 [main] INFO  o.s.b.w.s.c.ServletWebServerApplicationContext - Root WebApplicationContext: initialization completed in 1381 ms
2023-05-22 11:52:17.755 [main] INFO  o.s.b.w.e.tomcat.TomcatWebServer - Tomcat started on port(s): 8001 (http) with context path ''
2023-05-22 11:52:18.032 [main] INFO  com.atguigu.EduApplication - Started EduApplication in 3.273 seconds (JVM running for 4.005)
2023-05-22 11:52:37.359 [http-nio-8001-exec-1] INFO  o.a.c.c.C.[Tomcat].[localhost].[/] - Initializing Spring DispatcherServlet 'dispatcherServlet'
2023-05-22 11:52:37.360 [http-nio-8001-exec-1] INFO  o.s.web.servlet.DispatcherServlet - Initializing Servlet 'dispatcherServlet'
2023-05-22 11:52:37.361 [http-nio-8001-exec-1] INFO  o.s.web.servlet.DispatcherServlet - Completed initialization in 1 ms
2023-05-22 11:52:37.429 [http-nio-8001-exec-1] INFO  com.zaxxer.hikari.HikariDataSource - HikariPool-1 - Starting...
2023-05-22 11:52:38.453 [http-nio-8001-exec-1] INFO  com.zaxxer.hikari.HikariDataSource - HikariPool-1 - Start completed.
2023-05-22 11:52:38.460 [http-nio-8001-exec-1] DEBUG c.a.m.EduTeacherMapper.selectList - ==>  Preparing: SELECT id,name,intro,career,level,avatar,sort,is_deleted,gmt_create,gmt_modified FROM edu_teacher WHERE is_deleted=0
2023-05-22 11:52:38.477 [http-nio-8001-exec-1] DEBUG c.a.m.EduTeacherMapper.selectList - ==> Parameters: 
2023-05-22 11:52:38.953 [http-nio-8001-exec-1] DEBUG c.a.m.EduTeacherMapper.selectList - <==      Total: 33
2023-05-22 12:17:54.568 [SpringApplicationShutdownHook] INFO  com.zaxxer.hikari.HikariDataSource - HikariPool-1 - Shutdown initiated...
2023-05-22 12:17:54.579 [SpringApplicationShutdownHook] INFO  com.zaxxer.hikari.HikariDataSource - HikariPool-1 - Shutdown completed.
2023-05-22 16:19:48.754 [main] INFO  com.atguigu.EduApplication - Starting EduApplication using Java 1.8.0_371 on jaspercomputer with PID 24152 (D:\java\guli\service\service_edu\target\classes started by 21903 in D:\java\guli)
2023-05-22 16:19:48.757 [main] INFO  com.atguigu.EduApplication - The following 1 profile is active: "dev"
2023-05-22 16:19:50.069 [main] INFO  o.s.b.w.e.tomcat.TomcatWebServer - Tomcat initialized with port(s): 8001 (http)
2023-05-22 16:19:50.078 [main] INFO  o.a.catalina.core.StandardService - Starting service [Tomcat]
2023-05-22 16:19:50.078 [main] INFO  o.a.catalina.core.StandardEngine - Starting Servlet engine: [Apache Tomcat/9.0.74]
2023-05-22 16:19:50.449 [main] INFO  o.a.c.c.C.[Tomcat].[localhost].[/] - Initializing Spring embedded WebApplicationContext
2023-05-22 16:19:50.450 [main] INFO  o.s.b.w.s.c.ServletWebServerApplicationContext - Root WebApplicationContext: initialization completed in 1653 ms
2023-05-22 16:19:51.741 [main] INFO  o.s.b.w.e.tomcat.TomcatWebServer - Tomcat started on port(s): 8001 (http) with context path ''
2023-05-22 16:19:51.996 [main] INFO  com.atguigu.EduApplication - Started EduApplication in 3.758 seconds (JVM running for 12.219)
2023-05-22 16:25:20.666 [http-nio-8001-exec-1] INFO  o.a.c.c.C.[Tomcat].[localhost].[/] - Initializing Spring DispatcherServlet 'dispatcherServlet'
2023-05-22 16:25:20.666 [http-nio-8001-exec-1] INFO  o.s.web.servlet.DispatcherServlet - Initializing Servlet 'dispatcherServlet'
2023-05-22 16:25:20.666 [http-nio-8001-exec-1] INFO  o.s.web.servlet.DispatcherServlet - Completed initialization in 0 ms
2023-05-22 16:26:04.521 [http-nio-8001-exec-5] INFO  com.zaxxer.hikari.HikariDataSource - HikariPool-1 - Starting...
2023-05-22 16:26:04.973 [http-nio-8001-exec-5] INFO  com.zaxxer.hikari.HikariDataSource - HikariPool-1 - Start completed.
2023-05-22 16:26:04.981 [http-nio-8001-exec-5] DEBUG c.a.m.EduTeacherMapper.selectList - ==>  Preparing: SELECT id,name,intro,career,level,avatar,sort,is_deleted,gmt_create,gmt_modified FROM edu_teacher WHERE is_deleted=0
2023-05-22 16:26:05.003 [http-nio-8001-exec-5] DEBUG c.a.m.EduTeacherMapper.selectList - ==> Parameters: 
2023-05-22 16:26:05.069 [http-nio-8001-exec-5] DEBUG c.a.m.EduTeacherMapper.selectList - <==      Total: 33
2023-05-22 16:40:44.043 [http-nio-8001-exec-8] WARN  com.zaxxer.hikari.pool.PoolBase - HikariPool-1 - Failed to validate connection com.mysql.cj.jdbc.ConnectionImpl@670332cb (No operations allowed after connection closed.). Possibly consider using a shorter maxLifetime value.
2023-05-22 16:40:44.045 [http-nio-8001-exec-8] WARN  com.zaxxer.hikari.pool.PoolBase - HikariPool-1 - Failed to validate connection com.mysql.cj.jdbc.ConnectionImpl@2a0cbf93 (No operations allowed after connection closed.). Possibly consider using a shorter maxLifetime value.
2023-05-22 16:40:44.046 [http-nio-8001-exec-8] WARN  com.zaxxer.hikari.pool.PoolBase - HikariPool-1 - Failed to validate connection com.mysql.cj.jdbc.ConnectionImpl@54675573 (No operations allowed after connection closed.). Possibly consider using a shorter maxLifetime value.
2023-05-22 16:40:44.048 [http-nio-8001-exec-8] WARN  com.zaxxer.hikari.pool.PoolBase - HikariPool-1 - Failed to validate connection com.mysql.cj.jdbc.ConnectionImpl@b8d6a0c (No operations allowed after connection closed.). Possibly consider using a shorter maxLifetime value.
2023-05-22 16:40:44.049 [http-nio-8001-exec-8] WARN  com.zaxxer.hikari.pool.PoolBase - HikariPool-1 - Failed to validate connection com.mysql.cj.jdbc.ConnectionImpl@3bc6f707 (No operations allowed after connection closed.). Possibly consider using a shorter maxLifetime value.
2023-05-22 16:40:44.050 [http-nio-8001-exec-8] WARN  com.zaxxer.hikari.pool.PoolBase - HikariPool-1 - Failed to validate connection com.mysql.cj.jdbc.ConnectionImpl@74f927cb (No operations allowed after connection closed.). Possibly consider using a shorter maxLifetime value.
2023-05-22 16:40:44.051 [http-nio-8001-exec-8] WARN  com.zaxxer.hikari.pool.PoolBase - HikariPool-1 - Failed to validate connection com.mysql.cj.jdbc.ConnectionImpl@1a5b38ea (No operations allowed after connection closed.). Possibly consider using a shorter maxLifetime value.
2023-05-22 16:40:44.053 [http-nio-8001-exec-8] WARN  com.zaxxer.hikari.pool.PoolBase - HikariPool-1 - Failed to validate connection com.mysql.cj.jdbc.ConnectionImpl@7a66fca7 (No operations allowed after connection closed.). Possibly consider using a shorter maxLifetime value.
2023-05-22 16:40:44.054 [http-nio-8001-exec-8] WARN  com.zaxxer.hikari.pool.PoolBase - HikariPool-1 - Failed to validate connection com.mysql.cj.jdbc.ConnectionImpl@76144223 (No operations allowed after connection closed.). Possibly consider using a shorter maxLifetime value.
2023-05-22 16:40:44.055 [http-nio-8001-exec-8] WARN  com.zaxxer.hikari.pool.PoolBase - HikariPool-1 - Failed to validate connection com.mysql.cj.jdbc.ConnectionImpl@4beef455 (No operations allowed after connection closed.). Possibly consider using a shorter maxLifetime value.
2023-05-22 16:40:44.361 [http-nio-8001-exec-8] DEBUG c.a.m.EduTeacherMapper.selectList - ==>  Preparing: SELECT id,name,intro,career,level,avatar,sort,is_deleted,gmt_create,gmt_modified FROM edu_teacher WHERE is_deleted=0
2023-05-22 16:40:44.362 [http-nio-8001-exec-8] DEBUG c.a.m.EduTeacherMapper.selectList - ==> Parameters: 
2023-05-22 16:40:44.414 [http-nio-8001-exec-8] DEBUG c.a.m.EduTeacherMapper.selectList - <==      Total: 33
2023-05-22 16:41:22.108 [http-nio-8001-exec-9] DEBUG c.a.m.EduTeacherMapper.selectList - ==>  Preparing: SELECT id,name,intro,career,level,avatar,sort,is_deleted,gmt_create,gmt_modified FROM edu_teacher WHERE is_deleted=0
2023-05-22 16:41:22.109 [http-nio-8001-exec-9] DEBUG c.a.m.EduTeacherMapper.selectList - ==> Parameters: 
2023-05-22 16:41:22.146 [http-nio-8001-exec-9] DEBUG c.a.m.EduTeacherMapper.selectList - <==      Total: 33
2023-05-22 16:53:22.273 [http-nio-8001-exec-5] DEBUG c.a.m.EduTeacherMapper.selectList - ==>  Preparing: SELECT id,name,intro,career,level,avatar,sort,is_deleted,gmt_create,gmt_modified FROM edu_teacher WHERE is_deleted=0
2023-05-22 16:53:22.273 [http-nio-8001-exec-5] DEBUG c.a.m.EduTeacherMapper.selectList - ==> Parameters: 
2023-05-22 16:53:22.309 [http-nio-8001-exec-5] DEBUG c.a.m.EduTeacherMapper.selectList - <==      Total: 33
2023-05-22 17:27:16.024 [http-nio-8001-exec-8] DEBUG c.a.m.EduTeacherMapper.selectList - ==>  Preparing: SELECT id,name,intro,career,level,avatar,sort,is_deleted,gmt_create,gmt_modified FROM edu_teacher WHERE is_deleted=0
2023-05-22 17:27:16.025 [http-nio-8001-exec-8] DEBUG c.a.m.EduTeacherMapper.selectList - ==> Parameters: 
2023-05-22 17:27:16.059 [http-nio-8001-exec-8] DEBUG c.a.m.EduTeacherMapper.selectList - <==      Total: 33
2023-05-22 17:39:15.821 [SpringApplicationShutdownHook] INFO  com.zaxxer.hikari.HikariDataSource - HikariPool-1 - Shutdown initiated...
2023-05-22 17:39:16.137 [SpringApplicationShutdownHook] INFO  com.zaxxer.hikari.HikariDataSource - HikariPool-1 - Shutdown completed.
2023-05-22 19:56:04.997 [main] INFO  com.atguigu.EduApplication - Starting EduApplication using Java 1.8.0_371 on jaspercomputer with PID 26336 (D:\java\guli\service\service_edu\target\classes started by 21903 in D:\java\guli)
2023-05-22 19:56:05.000 [main] INFO  com.atguigu.EduApplication - The following 1 profile is active: "dev"
2023-05-22 19:56:06.344 [main] INFO  o.s.b.w.e.tomcat.TomcatWebServer - Tomcat initialized with port(s): 8001 (http)
2023-05-22 19:56:06.353 [main] INFO  o.a.catalina.core.StandardService - Starting service [Tomcat]
2023-05-22 19:56:06.353 [main] INFO  o.a.catalina.core.StandardEngine - Starting Servlet engine: [Apache Tomcat/9.0.74]
2023-05-22 19:56:06.559 [main] INFO  o.a.c.c.C.[Tomcat].[localhost].[/] - Initializing Spring embedded WebApplicationContext
2023-05-22 19:56:06.559 [main] INFO  o.s.b.w.s.c.ServletWebServerApplicationContext - Root WebApplicationContext: initialization completed in 1514 ms
2023-05-22 19:56:07.866 [main] INFO  o.s.b.w.e.tomcat.TomcatWebServer - Tomcat started on port(s): 8001 (http) with context path ''
2023-05-22 19:56:08.124 [main] INFO  com.atguigu.EduApplication - Started EduApplication in 3.725 seconds (JVM running for 6.397)
2023-05-22 19:57:34.956 [http-nio-8001-exec-1] INFO  o.a.c.c.C.[Tomcat].[localhost].[/] - Initializing Spring DispatcherServlet 'dispatcherServlet'
2023-05-22 19:57:34.956 [http-nio-8001-exec-1] INFO  o.s.web.servlet.DispatcherServlet - Initializing Servlet 'dispatcherServlet'
2023-05-22 19:57:34.957 [http-nio-8001-exec-1] INFO  o.s.web.servlet.DispatcherServlet - Completed initialization in 1 ms
2023-05-22 19:57:39.313 [http-nio-8001-exec-3] INFO  com.zaxxer.hikari.HikariDataSource - HikariPool-1 - Starting...
2023-05-22 19:57:39.728 [http-nio-8001-exec-3] INFO  com.zaxxer.hikari.HikariDataSource - HikariPool-1 - Start completed.
2023-05-22 19:57:39.735 [http-nio-8001-exec-3] DEBUG c.a.m.E.selectPage_mpCount - ==>  Preparing: SELECT COUNT(*) AS total FROM edu_teacher WHERE is_deleted = 0
2023-05-22 19:57:39.755 [http-nio-8001-exec-3] DEBUG c.a.m.E.selectPage_mpCount - ==> Parameters: 
2023-05-22 19:57:39.807 [http-nio-8001-exec-3] DEBUG c.a.m.E.selectPage_mpCount - <==      Total: 1
2023-05-22 19:57:39.814 [http-nio-8001-exec-3] DEBUG c.a.m.EduTeacherMapper.selectPage - ==>  Preparing: SELECT id,name,intro,career,level,avatar,sort,is_deleted,gmt_create,gmt_modified FROM edu_teacher WHERE is_deleted=0 ORDER BY gmt_create DESC LIMIT ?
2023-05-22 19:57:39.815 [http-nio-8001-exec-3] DEBUG c.a.m.EduTeacherMapper.selectPage - ==> Parameters: 8(Long)
2023-05-22 19:57:39.853 [http-nio-8001-exec-3] DEBUG c.a.m.EduTeacherMapper.selectPage - <==      Total: 8
2023-05-22 20:42:22.123 [http-nio-8001-exec-4] DEBUG c.a.m.EduTeacherMapper.selectById - ==>  Preparing: SELECT id,name,intro,career,level,avatar,sort,is_deleted,gmt_create,gmt_modified FROM edu_teacher WHERE id=? AND is_deleted=0
2023-05-22 20:42:22.123 [http-nio-8001-exec-4] DEBUG c.a.m.EduTeacherMapper.selectById - ==> Parameters: 1659228976523055106(String)
2023-05-22 20:42:22.157 [http-nio-8001-exec-4] DEBUG c.a.m.EduTeacherMapper.selectById - <==      Total: 1
2023-05-22 20:42:25.984 [http-nio-8001-exec-5] DEBUG c.a.m.E.selectPage_mpCount - ==>  Preparing: SELECT COUNT(*) AS total FROM edu_teacher WHERE is_deleted = 0
2023-05-22 20:42:25.984 [http-nio-8001-exec-5] DEBUG c.a.m.E.selectPage_mpCount - ==> Parameters: 
2023-05-22 20:42:26.014 [http-nio-8001-exec-5] DEBUG c.a.m.E.selectPage_mpCount - <==      Total: 1
2023-05-22 20:42:26.015 [http-nio-8001-exec-5] DEBUG c.a.m.EduTeacherMapper.selectPage - ==>  Preparing: SELECT id,name,intro,career,level,avatar,sort,is_deleted,gmt_create,gmt_modified FROM edu_teacher WHERE is_deleted=0 ORDER BY gmt_create DESC LIMIT ?
2023-05-22 20:42:26.015 [http-nio-8001-exec-5] DEBUG c.a.m.EduTeacherMapper.selectPage - ==> Parameters: 8(Long)
2023-05-22 20:42:26.049 [http-nio-8001-exec-5] DEBUG c.a.m.EduTeacherMapper.selectPage - <==      Total: 8
2023-05-22 20:42:30.509 [http-nio-8001-exec-6] DEBUG c.a.m.EduTeacherMapper.selectById - ==>  Preparing: SELECT id,name,intro,career,level,avatar,sort,is_deleted,gmt_create,gmt_modified FROM edu_teacher WHERE id=? AND is_deleted=0
2023-05-22 20:42:30.510 [http-nio-8001-exec-6] DEBUG c.a.m.EduTeacherMapper.selectById - ==> Parameters: 1657322414862823425(String)
2023-05-22 20:42:30.541 [http-nio-8001-exec-6] DEBUG c.a.m.EduTeacherMapper.selectById - <==      Total: 1
2023-05-22 20:42:34.351 [http-nio-8001-exec-9] DEBUG c.a.m.E.selectPage_mpCount - ==>  Preparing: SELECT COUNT(*) AS total FROM edu_teacher WHERE is_deleted = 0
2023-05-22 20:42:34.351 [http-nio-8001-exec-9] DEBUG c.a.m.E.selectPage_mpCount - ==> Parameters: 
2023-05-22 20:42:34.382 [http-nio-8001-exec-9] DEBUG c.a.m.E.selectPage_mpCount - <==      Total: 1
2023-05-22 20:42:34.383 [http-nio-8001-exec-9] DEBUG c.a.m.EduTeacherMapper.selectPage - ==>  Preparing: SELECT id,name,intro,career,level,avatar,sort,is_deleted,gmt_create,gmt_modified FROM edu_teacher WHERE is_deleted=0 ORDER BY gmt_create DESC LIMIT ?
2023-05-22 20:42:34.383 [http-nio-8001-exec-9] DEBUG c.a.m.EduTeacherMapper.selectPage - ==> Parameters: 8(Long)
2023-05-22 20:42:34.415 [http-nio-8001-exec-9] DEBUG c.a.m.EduTeacherMapper.selectPage - <==      Total: 8
2023-05-22 20:42:36.787 [http-nio-8001-exec-10] DEBUG c.a.m.E.selectPage_mpCount - ==>  Preparing: SELECT COUNT(*) AS total FROM edu_teacher WHERE is_deleted = 0
2023-05-22 20:42:36.787 [http-nio-8001-exec-10] DEBUG c.a.m.E.selectPage_mpCount - ==> Parameters: 
2023-05-22 20:42:36.818 [http-nio-8001-exec-10] DEBUG c.a.m.E.selectPage_mpCount - <==      Total: 1
2023-05-22 20:42:36.820 [http-nio-8001-exec-10] DEBUG c.a.m.EduTeacherMapper.selectPage - ==>  Preparing: SELECT id,name,intro,career,level,avatar,sort,is_deleted,gmt_create,gmt_modified FROM edu_teacher WHERE is_deleted=0 ORDER BY gmt_create DESC LIMIT ?,?
2023-05-22 20:42:36.820 [http-nio-8001-exec-10] DEBUG c.a.m.EduTeacherMapper.selectPage - ==> Parameters: 16(Long), 8(Long)
2023-05-22 20:42:36.852 [http-nio-8001-exec-10] DEBUG c.a.m.EduTeacherMapper.selectPage - <==      Total: 8
2023-05-22 20:42:38.338 [http-nio-8001-exec-7] DEBUG c.a.m.E.selectPage_mpCount - ==>  Preparing: SELECT COUNT(*) AS total FROM edu_teacher WHERE is_deleted = 0
2023-05-22 20:42:38.338 [http-nio-8001-exec-7] DEBUG c.a.m.E.selectPage_mpCount - ==> Parameters: 
2023-05-22 20:42:38.369 [http-nio-8001-exec-7] DEBUG c.a.m.E.selectPage_mpCount - <==      Total: 1
2023-05-22 20:42:38.370 [http-nio-8001-exec-7] DEBUG c.a.m.EduTeacherMapper.selectPage - ==>  Preparing: SELECT id,name,intro,career,level,avatar,sort,is_deleted,gmt_create,gmt_modified FROM edu_teacher WHERE is_deleted=0 ORDER BY gmt_create DESC LIMIT ?,?
2023-05-22 20:42:38.370 [http-nio-8001-exec-7] DEBUG c.a.m.EduTeacherMapper.selectPage - ==> Parameters: 8(Long), 8(Long)
2023-05-22 20:42:38.402 [http-nio-8001-exec-7] DEBUG c.a.m.EduTeacherMapper.selectPage - <==      Total: 8
2023-05-22 20:42:41.545 [http-nio-8001-exec-8] DEBUG c.a.m.E.selectPage_mpCount - ==>  Preparing: SELECT COUNT(*) AS total FROM edu_teacher WHERE is_deleted = 0
2023-05-22 20:42:41.546 [http-nio-8001-exec-8] DEBUG c.a.m.E.selectPage_mpCount - ==> Parameters: 
2023-05-22 20:42:41.576 [http-nio-8001-exec-8] DEBUG c.a.m.E.selectPage_mpCount - <==      Total: 1
2023-05-22 20:42:41.578 [http-nio-8001-exec-8] DEBUG c.a.m.EduTeacherMapper.selectPage - ==>  Preparing: SELECT id,name,intro,career,level,avatar,sort,is_deleted,gmt_create,gmt_modified FROM edu_teacher WHERE is_deleted=0 ORDER BY gmt_create DESC LIMIT ?
2023-05-22 20:42:41.578 [http-nio-8001-exec-8] DEBUG c.a.m.EduTeacherMapper.selectPage - ==> Parameters: 8(Long)
2023-05-22 20:42:41.609 [http-nio-8001-exec-8] DEBUG c.a.m.EduTeacherMapper.selectPage - <==      Total: 8
2023-05-22 20:42:43.525 [http-nio-8001-exec-1] DEBUG c.a.m.EduTeacherMapper.selectById - ==>  Preparing: SELECT id,name,intro,career,level,avatar,sort,is_deleted,gmt_create,gmt_modified FROM edu_teacher WHERE id=? AND is_deleted=0
2023-05-22 20:42:43.525 [http-nio-8001-exec-1] DEBUG c.a.m.EduTeacherMapper.selectById - ==> Parameters: 1657324060875423746(String)
2023-05-22 20:42:43.557 [http-nio-8001-exec-1] DEBUG c.a.m.EduTeacherMapper.selectById - <==      Total: 1
2023-05-22 20:43:27.407 [http-nio-8001-exec-2] DEBUG c.a.m.E.selectPage_mpCount - ==>  Preparing: SELECT COUNT(*) AS total FROM edu_teacher WHERE is_deleted = 0
2023-05-22 20:43:27.408 [http-nio-8001-exec-2] DEBUG c.a.m.E.selectPage_mpCount - ==> Parameters: 
2023-05-22 20:43:27.438 [http-nio-8001-exec-2] DEBUG c.a.m.E.selectPage_mpCount - <==      Total: 1
2023-05-22 20:43:27.440 [http-nio-8001-exec-2] DEBUG c.a.m.EduTeacherMapper.selectPage - ==>  Preparing: SELECT id,name,intro,career,level,avatar,sort,is_deleted,gmt_create,gmt_modified FROM edu_teacher WHERE is_deleted=0 ORDER BY gmt_create DESC LIMIT ?
2023-05-22 20:43:27.440 [http-nio-8001-exec-2] DEBUG c.a.m.EduTeacherMapper.selectPage - ==> Parameters: 8(Long)
2023-05-22 20:43:27.473 [http-nio-8001-exec-2] DEBUG c.a.m.EduTeacherMapper.selectPage - <==      Total: 8
2023-05-22 20:43:30.155 [http-nio-8001-exec-3] DEBUG c.a.m.EduTeacherMapper.selectById - ==>  Preparing: SELECT id,name,intro,career,level,avatar,sort,is_deleted,gmt_create,gmt_modified FROM edu_teacher WHERE id=? AND is_deleted=0
2023-05-22 20:43:30.155 [http-nio-8001-exec-3] DEBUG c.a.m.EduTeacherMapper.selectById - ==> Parameters: 1657324060875423746(String)
2023-05-22 20:43:30.186 [http-nio-8001-exec-3] DEBUG c.a.m.EduTeacherMapper.selectById - <==      Total: 1
2023-05-22 20:43:33.934 [http-nio-8001-exec-4] DEBUG c.a.m.E.selectPage_mpCount - ==>  Preparing: SELECT COUNT(*) AS total FROM edu_teacher WHERE is_deleted = 0
2023-05-22 20:43:33.935 [http-nio-8001-exec-4] DEBUG c.a.m.E.selectPage_mpCount - ==> Parameters: 
2023-05-22 20:43:33.965 [http-nio-8001-exec-4] DEBUG c.a.m.E.selectPage_mpCount - <==      Total: 1
2023-05-22 20:43:33.965 [http-nio-8001-exec-4] DEBUG c.a.m.EduTeacherMapper.selectPage - ==>  Preparing: SELECT id,name,intro,career,level,avatar,sort,is_deleted,gmt_create,gmt_modified FROM edu_teacher WHERE is_deleted=0 ORDER BY gmt_create DESC LIMIT ?
2023-05-22 20:43:33.966 [http-nio-8001-exec-4] DEBUG c.a.m.EduTeacherMapper.selectPage - ==> Parameters: 8(Long)
2023-05-22 20:43:33.997 [http-nio-8001-exec-4] DEBUG c.a.m.EduTeacherMapper.selectPage - <==      Total: 8
2023-05-22 20:43:36.111 [http-nio-8001-exec-5] DEBUG c.a.m.EduTeacherMapper.selectById - ==>  Preparing: SELECT id,name,intro,career,level,avatar,sort,is_deleted,gmt_create,gmt_modified FROM edu_teacher WHERE id=? AND is_deleted=0
2023-05-22 20:43:36.112 [http-nio-8001-exec-5] DEBUG c.a.m.EduTeacherMapper.selectById - ==> Parameters: 1659228976523055106(String)
2023-05-22 20:43:36.143 [http-nio-8001-exec-5] DEBUG c.a.m.EduTeacherMapper.selectById - <==      Total: 1
2023-05-22 20:43:43.442 [http-nio-8001-exec-6] WARN  o.m.s.mapper.ClassPathMapperScanner - No MyBatis mapper was found in '[com.atguigu.mapper]' package. Please check your configuration.
2023-05-22 20:43:43.697 [http-nio-8001-exec-9] DEBUG c.a.m.EduTeacherMapper.selectById - ==>  Preparing: SELECT id,name,intro,career,level,avatar,sort,is_deleted,gmt_create,gmt_modified FROM edu_teacher WHERE id=? AND is_deleted=0
2023-05-22 20:43:43.697 [http-nio-8001-exec-9] DEBUG c.a.m.EduTeacherMapper.selectById - ==> Parameters: 1659228976523055106(String)
2023-05-22 20:43:43.729 [http-nio-8001-exec-9] DEBUG c.a.m.EduTeacherMapper.selectById - <==      Total: 1
2023-05-22 22:27:48.034 [http-nio-8001-exec-10] WARN  o.m.s.mapper.ClassPathMapperScanner - No MyBatis mapper was found in '[com.atguigu.mapper]' package. Please check your configuration.
2023-05-22 22:27:48.317 [http-nio-8001-exec-10] DEBUG c.a.m.EduSubjectMapper.selectList - ==>  Preparing: SELECT id,title,parent_id,sort,gmt_create,gmt_modified FROM edu_subject WHERE (parent_id = ?)
2023-05-22 22:27:48.318 [http-nio-8001-exec-10] DEBUG c.a.m.EduSubjectMapper.selectList - ==> Parameters: 0(Integer)
2023-05-22 22:27:48.353 [http-nio-8001-exec-10] DEBUG c.a.m.EduSubjectMapper.selectList - <==      Total: 3
2023-05-22 22:27:48.356 [http-nio-8001-exec-10] DEBUG c.a.m.EduSubjectMapper.selectList - ==>  Preparing: SELECT id,title,parent_id,sort,gmt_create,gmt_modified FROM edu_subject WHERE (parent_id <> ?)
2023-05-22 22:27:48.357 [http-nio-8001-exec-10] DEBUG c.a.m.EduSubjectMapper.selectList - ==> Parameters: 0(String)
2023-05-22 22:27:48.392 [http-nio-8001-exec-10] DEBUG c.a.m.EduSubjectMapper.selectList - <==      Total: 7
2023-05-22 22:29:15.364 [http-nio-8001-exec-8] DEBUG c.a.m.EduSubjectMapper.selectList - ==>  Preparing: SELECT id,title,parent_id,sort,gmt_create,gmt_modified FROM edu_subject WHERE (parent_id = ?)
2023-05-22 22:29:15.364 [http-nio-8001-exec-8] DEBUG c.a.m.EduSubjectMapper.selectList - ==> Parameters: 0(Integer)
2023-05-22 22:29:15.398 [http-nio-8001-exec-8] DEBUG c.a.m.EduSubjectMapper.selectList - <==      Total: 3
2023-05-22 22:29:15.400 [http-nio-8001-exec-8] DEBUG c.a.m.EduSubjectMapper.selectList - ==>  Preparing: SELECT id,title,parent_id,sort,gmt_create,gmt_modified FROM edu_subject WHERE (parent_id <> ?)
2023-05-22 22:29:15.401 [http-nio-8001-exec-8] DEBUG c.a.m.EduSubjectMapper.selectList - ==> Parameters: 0(String)
2023-05-22 22:29:15.436 [http-nio-8001-exec-8] DEBUG c.a.m.EduSubjectMapper.selectList - <==      Total: 7
2023-05-22 22:29:18.647 [http-nio-8001-exec-1] DEBUG c.a.m.EduSubjectMapper.selectList - ==>  Preparing: SELECT id,title,parent_id,sort,gmt_create,gmt_modified FROM edu_subject WHERE (parent_id = ?)
2023-05-22 22:29:18.648 [http-nio-8001-exec-1] DEBUG c.a.m.EduSubjectMapper.selectList - ==> Parameters: 0(Integer)
2023-05-22 22:29:18.681 [http-nio-8001-exec-1] DEBUG c.a.m.EduSubjectMapper.selectList - <==      Total: 3
2023-05-22 22:29:18.683 [http-nio-8001-exec-1] DEBUG c.a.m.EduSubjectMapper.selectList - ==>  Preparing: SELECT id,title,parent_id,sort,gmt_create,gmt_modified FROM edu_subject WHERE (parent_id <> ?)
2023-05-22 22:29:18.683 [http-nio-8001-exec-1] DEBUG c.a.m.EduSubjectMapper.selectList - ==> Parameters: 0(String)
2023-05-22 22:29:18.719 [http-nio-8001-exec-1] DEBUG c.a.m.EduSubjectMapper.selectList - <==      Total: 7
2023-05-22 22:29:26.840 [http-nio-8001-exec-2] DEBUG c.a.m.EduSubjectMapper.selectList - ==>  Preparing: SELECT id,title,parent_id,sort,gmt_create,gmt_modified FROM edu_subject WHERE (parent_id = ?)
2023-05-22 22:29:26.841 [http-nio-8001-exec-2] DEBUG c.a.m.EduSubjectMapper.selectList - ==> Parameters: 0(Integer)
2023-05-22 22:29:26.875 [http-nio-8001-exec-2] DEBUG c.a.m.EduSubjectMapper.selectList - <==      Total: 3
2023-05-22 22:29:26.877 [http-nio-8001-exec-2] DEBUG c.a.m.EduSubjectMapper.selectList - ==>  Preparing: SELECT id,title,parent_id,sort,gmt_create,gmt_modified FROM edu_subject WHERE (parent_id <> ?)
2023-05-22 22:29:26.878 [http-nio-8001-exec-2] DEBUG c.a.m.EduSubjectMapper.selectList - ==> Parameters: 0(String)
2023-05-22 22:29:26.912 [http-nio-8001-exec-2] DEBUG c.a.m.EduSubjectMapper.selectList - <==      Total: 7
2023-05-22 22:29:51.148 [http-nio-8001-exec-3] DEBUG c.a.m.EduSubjectMapper.selectList - ==>  Preparing: SELECT id,title,parent_id,sort,gmt_create,gmt_modified FROM edu_subject WHERE (parent_id = ?)
2023-05-22 22:29:51.149 [http-nio-8001-exec-3] DEBUG c.a.m.EduSubjectMapper.selectList - ==> Parameters: 0(Integer)
2023-05-22 22:29:51.182 [http-nio-8001-exec-3] DEBUG c.a.m.EduSubjectMapper.selectList - <==      Total: 3
2023-05-22 22:29:51.184 [http-nio-8001-exec-3] DEBUG c.a.m.EduSubjectMapper.selectList - ==>  Preparing: SELECT id,title,parent_id,sort,gmt_create,gmt_modified FROM edu_subject WHERE (parent_id <> ?)
2023-05-22 22:29:51.184 [http-nio-8001-exec-3] DEBUG c.a.m.EduSubjectMapper.selectList - ==> Parameters: 0(String)
2023-05-22 22:29:51.218 [http-nio-8001-exec-3] DEBUG c.a.m.EduSubjectMapper.selectList - <==      Total: 7
2023-05-22 22:29:52.252 [http-nio-8001-exec-4] DEBUG c.a.m.EduSubjectMapper.selectList - ==>  Preparing: SELECT id,title,parent_id,sort,gmt_create,gmt_modified FROM edu_subject WHERE (parent_id = ?)
2023-05-22 22:29:52.252 [http-nio-8001-exec-4] DEBUG c.a.m.EduSubjectMapper.selectList - ==> Parameters: 0(Integer)
2023-05-22 22:29:52.286 [http-nio-8001-exec-4] DEBUG c.a.m.EduSubjectMapper.selectList - <==      Total: 3
2023-05-22 22:29:52.287 [http-nio-8001-exec-4] DEBUG c.a.m.EduSubjectMapper.selectList - ==>  Preparing: SELECT id,title,parent_id,sort,gmt_create,gmt_modified FROM edu_subject WHERE (parent_id <> ?)
2023-05-22 22:29:52.288 [http-nio-8001-exec-4] DEBUG c.a.m.EduSubjectMapper.selectList - ==> Parameters: 0(String)
2023-05-22 22:29:52.322 [http-nio-8001-exec-4] DEBUG c.a.m.EduSubjectMapper.selectList - <==      Total: 7
2023-05-22 22:29:52.905 [http-nio-8001-exec-5] DEBUG c.a.m.EduSubjectMapper.selectList - ==>  Preparing: SELECT id,title,parent_id,sort,gmt_create,gmt_modified FROM edu_subject WHERE (parent_id = ?)
2023-05-22 22:29:52.906 [http-nio-8001-exec-5] DEBUG c.a.m.EduSubjectMapper.selectList - ==> Parameters: 0(Integer)
2023-05-22 22:29:52.939 [http-nio-8001-exec-5] DEBUG c.a.m.EduSubjectMapper.selectList - <==      Total: 3
2023-05-22 22:29:52.941 [http-nio-8001-exec-5] DEBUG c.a.m.EduSubjectMapper.selectList - ==>  Preparing: SELECT id,title,parent_id,sort,gmt_create,gmt_modified FROM edu_subject WHERE (parent_id <> ?)
2023-05-22 22:29:52.942 [http-nio-8001-exec-5] DEBUG c.a.m.EduSubjectMapper.selectList - ==> Parameters: 0(String)
2023-05-22 22:29:52.976 [http-nio-8001-exec-5] DEBUG c.a.m.EduSubjectMapper.selectList - <==      Total: 7
2023-05-22 22:29:53.387 [http-nio-8001-exec-6] DEBUG c.a.m.EduSubjectMapper.selectList - ==>  Preparing: SELECT id,title,parent_id,sort,gmt_create,gmt_modified FROM edu_subject WHERE (parent_id = ?)
2023-05-22 22:29:53.387 [http-nio-8001-exec-6] DEBUG c.a.m.EduSubjectMapper.selectList - ==> Parameters: 0(Integer)
2023-05-22 22:29:53.421 [http-nio-8001-exec-6] DEBUG c.a.m.EduSubjectMapper.selectList - <==      Total: 3
2023-05-22 22:29:53.424 [http-nio-8001-exec-6] DEBUG c.a.m.EduSubjectMapper.selectList - ==>  Preparing: SELECT id,title,parent_id,sort,gmt_create,gmt_modified FROM edu_subject WHERE (parent_id <> ?)
2023-05-22 22:29:53.425 [http-nio-8001-exec-6] DEBUG c.a.m.EduSubjectMapper.selectList - ==> Parameters: 0(String)
2023-05-22 22:29:53.460 [http-nio-8001-exec-6] DEBUG c.a.m.EduSubjectMapper.selectList - <==      Total: 7
2023-05-22 22:29:53.638 [http-nio-8001-exec-9] DEBUG c.a.m.EduSubjectMapper.selectList - ==>  Preparing: SELECT id,title,parent_id,sort,gmt_create,gmt_modified FROM edu_subject WHERE (parent_id = ?)
2023-05-22 22:29:53.639 [http-nio-8001-exec-9] DEBUG c.a.m.EduSubjectMapper.selectList - ==> Parameters: 0(Integer)
2023-05-22 22:29:53.673 [http-nio-8001-exec-9] DEBUG c.a.m.EduSubjectMapper.selectList - <==      Total: 3
2023-05-22 22:29:53.673 [http-nio-8001-exec-9] DEBUG c.a.m.EduSubjectMapper.selectList - ==>  Preparing: SELECT id,title,parent_id,sort,gmt_create,gmt_modified FROM edu_subject WHERE (parent_id <> ?)
2023-05-22 22:29:53.675 [http-nio-8001-exec-9] DEBUG c.a.m.EduSubjectMapper.selectList - ==> Parameters: 0(String)
2023-05-22 22:29:53.708 [http-nio-8001-exec-9] DEBUG c.a.m.EduSubjectMapper.selectList - <==      Total: 7
2023-05-22 22:29:54.206 [http-nio-8001-exec-10] DEBUG c.a.m.EduSubjectMapper.selectList - ==>  Preparing: SELECT id,title,parent_id,sort,gmt_create,gmt_modified FROM edu_subject WHERE (parent_id = ?)
2023-05-22 22:29:54.206 [http-nio-8001-exec-10] DEBUG c.a.m.EduSubjectMapper.selectList - ==> Parameters: 0(Integer)
2023-05-22 22:29:54.240 [http-nio-8001-exec-10] DEBUG c.a.m.EduSubjectMapper.selectList - <==      Total: 3
2023-05-22 22:29:54.241 [http-nio-8001-exec-10] DEBUG c.a.m.EduSubjectMapper.selectList - ==>  Preparing: SELECT id,title,parent_id,sort,gmt_create,gmt_modified FROM edu_subject WHERE (parent_id <> ?)
2023-05-22 22:29:54.242 [http-nio-8001-exec-10] DEBUG c.a.m.EduSubjectMapper.selectList - ==> Parameters: 0(String)
2023-05-22 22:29:54.279 [http-nio-8001-exec-10] DEBUG c.a.m.EduSubjectMapper.selectList - <==      Total: 7
2023-05-22 22:29:54.440 [http-nio-8001-exec-7] DEBUG c.a.m.EduSubjectMapper.selectList - ==>  Preparing: SELECT id,title,parent_id,sort,gmt_create,gmt_modified FROM edu_subject WHERE (parent_id = ?)
2023-05-22 22:29:54.440 [http-nio-8001-exec-7] DEBUG c.a.m.EduSubjectMapper.selectList - ==> Parameters: 0(Integer)
2023-05-22 22:29:54.475 [http-nio-8001-exec-7] DEBUG c.a.m.EduSubjectMapper.selectList - <==      Total: 3
2023-05-22 22:29:54.476 [http-nio-8001-exec-7] DEBUG c.a.m.EduSubjectMapper.selectList - ==>  Preparing: SELECT id,title,parent_id,sort,gmt_create,gmt_modified FROM edu_subject WHERE (parent_id <> ?)
2023-05-22 22:29:54.476 [http-nio-8001-exec-7] DEBUG c.a.m.EduSubjectMapper.selectList - ==> Parameters: 0(String)
2023-05-22 22:29:54.510 [http-nio-8001-exec-7] DEBUG c.a.m.EduSubjectMapper.selectList - <==      Total: 7
2023-05-22 22:29:54.628 [http-nio-8001-exec-8] DEBUG c.a.m.EduSubjectMapper.selectList - ==>  Preparing: SELECT id,title,parent_id,sort,gmt_create,gmt_modified FROM edu_subject WHERE (parent_id = ?)
2023-05-22 22:29:54.628 [http-nio-8001-exec-8] DEBUG c.a.m.EduSubjectMapper.selectList - ==> Parameters: 0(Integer)
2023-05-22 22:29:54.662 [http-nio-8001-exec-8] DEBUG c.a.m.EduSubjectMapper.selectList - <==      Total: 3
2023-05-22 22:29:54.663 [http-nio-8001-exec-8] DEBUG c.a.m.EduSubjectMapper.selectList - ==>  Preparing: SELECT id,title,parent_id,sort,gmt_create,gmt_modified FROM edu_subject WHERE (parent_id <> ?)
2023-05-22 22:29:54.665 [http-nio-8001-exec-8] DEBUG c.a.m.EduSubjectMapper.selectList - ==> Parameters: 0(String)
2023-05-22 22:29:54.699 [http-nio-8001-exec-8] DEBUG c.a.m.EduSubjectMapper.selectList - <==      Total: 7
2023-05-22 22:29:54.816 [http-nio-8001-exec-1] DEBUG c.a.m.EduSubjectMapper.selectList - ==>  Preparing: SELECT id,title,parent_id,sort,gmt_create,gmt_modified FROM edu_subject WHERE (parent_id = ?)
2023-05-22 22:29:54.816 [http-nio-8001-exec-1] DEBUG c.a.m.EduSubjectMapper.selectList - ==> Parameters: 0(Integer)
2023-05-22 22:29:54.850 [http-nio-8001-exec-1] DEBUG c.a.m.EduSubjectMapper.selectList - <==      Total: 3
2023-05-22 22:29:54.852 [http-nio-8001-exec-1] DEBUG c.a.m.EduSubjectMapper.selectList - ==>  Preparing: SELECT id,title,parent_id,sort,gmt_create,gmt_modified FROM edu_subject WHERE (parent_id <> ?)
2023-05-22 22:29:54.852 [http-nio-8001-exec-1] DEBUG c.a.m.EduSubjectMapper.selectList - ==> Parameters: 0(String)
2023-05-22 22:29:54.886 [http-nio-8001-exec-1] DEBUG c.a.m.EduSubjectMapper.selectList - <==      Total: 7
2023-05-22 22:29:55.014 [http-nio-8001-exec-2] DEBUG c.a.m.EduSubjectMapper.selectList - ==>  Preparing: SELECT id,title,parent_id,sort,gmt_create,gmt_modified FROM edu_subject WHERE (parent_id = ?)
2023-05-22 22:29:55.014 [http-nio-8001-exec-2] DEBUG c.a.m.EduSubjectMapper.selectList - ==> Parameters: 0(Integer)
2023-05-22 22:29:55.047 [http-nio-8001-exec-2] DEBUG c.a.m.EduSubjectMapper.selectList - <==      Total: 3
2023-05-22 22:29:55.049 [http-nio-8001-exec-2] DEBUG c.a.m.EduSubjectMapper.selectList - ==>  Preparing: SELECT id,title,parent_id,sort,gmt_create,gmt_modified FROM edu_subject WHERE (parent_id <> ?)
2023-05-22 22:29:55.049 [http-nio-8001-exec-2] DEBUG c.a.m.EduSubjectMapper.selectList - ==> Parameters: 0(String)
2023-05-22 22:29:55.084 [http-nio-8001-exec-2] DEBUG c.a.m.EduSubjectMapper.selectList - <==      Total: 7
2023-05-22 22:29:55.221 [http-nio-8001-exec-3] DEBUG c.a.m.EduSubjectMapper.selectList - ==>  Preparing: SELECT id,title,parent_id,sort,gmt_create,gmt_modified FROM edu_subject WHERE (parent_id = ?)
2023-05-22 22:29:55.221 [http-nio-8001-exec-3] DEBUG c.a.m.EduSubjectMapper.selectList - ==> Parameters: 0(Integer)
2023-05-22 22:29:55.255 [http-nio-8001-exec-3] DEBUG c.a.m.EduSubjectMapper.selectList - <==      Total: 3
2023-05-22 22:29:55.256 [http-nio-8001-exec-3] DEBUG c.a.m.EduSubjectMapper.selectList - ==>  Preparing: SELECT id,title,parent_id,sort,gmt_create,gmt_modified FROM edu_subject WHERE (parent_id <> ?)
2023-05-22 22:29:55.256 [http-nio-8001-exec-3] DEBUG c.a.m.EduSubjectMapper.selectList - ==> Parameters: 0(String)
2023-05-22 22:29:55.291 [http-nio-8001-exec-3] DEBUG c.a.m.EduSubjectMapper.selectList - <==      Total: 7
2023-05-22 22:29:55.395 [http-nio-8001-exec-4] DEBUG c.a.m.EduSubjectMapper.selectList - ==>  Preparing: SELECT id,title,parent_id,sort,gmt_create,gmt_modified FROM edu_subject WHERE (parent_id = ?)
2023-05-22 22:29:55.396 [http-nio-8001-exec-4] DEBUG c.a.m.EduSubjectMapper.selectList - ==> Parameters: 0(Integer)
2023-05-22 22:29:55.430 [http-nio-8001-exec-4] DEBUG c.a.m.EduSubjectMapper.selectList - <==      Total: 3
2023-05-22 22:29:55.431 [http-nio-8001-exec-4] DEBUG c.a.m.EduSubjectMapper.selectList - ==>  Preparing: SELECT id,title,parent_id,sort,gmt_create,gmt_modified FROM edu_subject WHERE (parent_id <> ?)
2023-05-22 22:29:55.431 [http-nio-8001-exec-4] DEBUG c.a.m.EduSubjectMapper.selectList - ==> Parameters: 0(String)
2023-05-22 22:29:55.464 [http-nio-8001-exec-4] DEBUG c.a.m.EduSubjectMapper.selectList - <==      Total: 7
2023-05-22 22:29:55.571 [http-nio-8001-exec-5] DEBUG c.a.m.EduSubjectMapper.selectList - ==>  Preparing: SELECT id,title,parent_id,sort,gmt_create,gmt_modified FROM edu_subject WHERE (parent_id = ?)
2023-05-22 22:29:55.571 [http-nio-8001-exec-5] DEBUG c.a.m.EduSubjectMapper.selectList - ==> Parameters: 0(Integer)
2023-05-22 22:29:55.605 [http-nio-8001-exec-5] DEBUG c.a.m.EduSubjectMapper.selectList - <==      Total: 3
2023-05-22 22:29:55.607 [http-nio-8001-exec-5] DEBUG c.a.m.EduSubjectMapper.selectList - ==>  Preparing: SELECT id,title,parent_id,sort,gmt_create,gmt_modified FROM edu_subject WHERE (parent_id <> ?)
2023-05-22 22:29:55.607 [http-nio-8001-exec-5] DEBUG c.a.m.EduSubjectMapper.selectList - ==> Parameters: 0(String)
2023-05-22 22:29:55.640 [http-nio-8001-exec-5] DEBUG c.a.m.EduSubjectMapper.selectList - <==      Total: 7
2023-05-22 22:29:55.759 [http-nio-8001-exec-6] DEBUG c.a.m.EduSubjectMapper.selectList - ==>  Preparing: SELECT id,title,parent_id,sort,gmt_create,gmt_modified FROM edu_subject WHERE (parent_id = ?)
2023-05-22 22:29:55.759 [http-nio-8001-exec-6] DEBUG c.a.m.EduSubjectMapper.selectList - ==> Parameters: 0(Integer)
2023-05-22 22:29:55.792 [http-nio-8001-exec-6] DEBUG c.a.m.EduSubjectMapper.selectList - <==      Total: 3
2023-05-22 22:29:55.794 [http-nio-8001-exec-6] DEBUG c.a.m.EduSubjectMapper.selectList - ==>  Preparing: SELECT id,title,parent_id,sort,gmt_create,gmt_modified FROM edu_subject WHERE (parent_id <> ?)
2023-05-22 22:29:55.794 [http-nio-8001-exec-6] DEBUG c.a.m.EduSubjectMapper.selectList - ==> Parameters: 0(String)
2023-05-22 22:29:55.828 [http-nio-8001-exec-6] DEBUG c.a.m.EduSubjectMapper.selectList - <==      Total: 7
2023-05-22 22:29:55.915 [http-nio-8001-exec-9] DEBUG c.a.m.EduSubjectMapper.selectList - ==>  Preparing: SELECT id,title,parent_id,sort,gmt_create,gmt_modified FROM edu_subject WHERE (parent_id = ?)
2023-05-22 22:29:55.915 [http-nio-8001-exec-9] DEBUG c.a.m.EduSubjectMapper.selectList - ==> Parameters: 0(Integer)
2023-05-22 22:29:55.949 [http-nio-8001-exec-9] DEBUG c.a.m.EduSubjectMapper.selectList - <==      Total: 3
2023-05-22 22:29:55.951 [http-nio-8001-exec-9] DEBUG c.a.m.EduSubjectMapper.selectList - ==>  Preparing: SELECT id,title,parent_id,sort,gmt_create,gmt_modified FROM edu_subject WHERE (parent_id <> ?)
2023-05-22 22:29:55.951 [http-nio-8001-exec-9] DEBUG c.a.m.EduSubjectMapper.selectList - ==> Parameters: 0(String)
2023-05-22 22:29:55.985 [http-nio-8001-exec-9] DEBUG c.a.m.EduSubjectMapper.selectList - <==      Total: 7
2023-05-22 22:29:56.075 [http-nio-8001-exec-10] DEBUG c.a.m.EduSubjectMapper.selectList - ==>  Preparing: SELECT id,title,parent_id,sort,gmt_create,gmt_modified FROM edu_subject WHERE (parent_id = ?)
2023-05-22 22:29:56.075 [http-nio-8001-exec-10] DEBUG c.a.m.EduSubjectMapper.selectList - ==> Parameters: 0(Integer)
2023-05-22 22:29:56.109 [http-nio-8001-exec-10] DEBUG c.a.m.EduSubjectMapper.selectList - <==      Total: 3
2023-05-22 22:29:56.110 [http-nio-8001-exec-10] DEBUG c.a.m.EduSubjectMapper.selectList - ==>  Preparing: SELECT id,title,parent_id,sort,gmt_create,gmt_modified FROM edu_subject WHERE (parent_id <> ?)
2023-05-22 22:29:56.111 [http-nio-8001-exec-10] DEBUG c.a.m.EduSubjectMapper.selectList - ==> Parameters: 0(String)
2023-05-22 22:29:56.143 [http-nio-8001-exec-10] DEBUG c.a.m.EduSubjectMapper.selectList - <==      Total: 7
2023-05-22 22:29:56.249 [http-nio-8001-exec-7] DEBUG c.a.m.EduSubjectMapper.selectList - ==>  Preparing: SELECT id,title,parent_id,sort,gmt_create,gmt_modified FROM edu_subject WHERE (parent_id = ?)
2023-05-22 22:29:56.250 [http-nio-8001-exec-7] DEBUG c.a.m.EduSubjectMapper.selectList - ==> Parameters: 0(Integer)
2023-05-22 22:29:56.283 [http-nio-8001-exec-7] DEBUG c.a.m.EduSubjectMapper.selectList - <==      Total: 3
2023-05-22 22:29:56.283 [http-nio-8001-exec-7] DEBUG c.a.m.EduSubjectMapper.selectList - ==>  Preparing: SELECT id,title,parent_id,sort,gmt_create,gmt_modified FROM edu_subject WHERE (parent_id <> ?)
2023-05-22 22:29:56.285 [http-nio-8001-exec-7] DEBUG c.a.m.EduSubjectMapper.selectList - ==> Parameters: 0(String)
2023-05-22 22:29:56.319 [http-nio-8001-exec-7] DEBUG c.a.m.EduSubjectMapper.selectList - <==      Total: 7
2023-05-22 22:29:56.418 [http-nio-8001-exec-8] DEBUG c.a.m.EduSubjectMapper.selectList - ==>  Preparing: SELECT id,title,parent_id,sort,gmt_create,gmt_modified FROM edu_subject WHERE (parent_id = ?)
2023-05-22 22:29:56.418 [http-nio-8001-exec-8] DEBUG c.a.m.EduSubjectMapper.selectList - ==> Parameters: 0(Integer)
2023-05-22 22:29:56.451 [http-nio-8001-exec-8] DEBUG c.a.m.EduSubjectMapper.selectList - <==      Total: 3
2023-05-22 22:29:56.453 [http-nio-8001-exec-8] DEBUG c.a.m.EduSubjectMapper.selectList - ==>  Preparing: SELECT id,title,parent_id,sort,gmt_create,gmt_modified FROM edu_subject WHERE (parent_id <> ?)
2023-05-22 22:29:56.453 [http-nio-8001-exec-8] DEBUG c.a.m.EduSubjectMapper.selectList - ==> Parameters: 0(String)
2023-05-22 22:29:56.488 [http-nio-8001-exec-8] DEBUG c.a.m.EduSubjectMapper.selectList - <==      Total: 7
2023-05-22 22:29:58.911 [http-nio-8001-exec-1] DEBUG c.a.m.EduSubjectMapper.selectList - ==>  Preparing: SELECT id,title,parent_id,sort,gmt_create,gmt_modified FROM edu_subject WHERE (parent_id = ?)
2023-05-22 22:29:58.911 [http-nio-8001-exec-1] DEBUG c.a.m.EduSubjectMapper.selectList - ==> Parameters: 0(Integer)
2023-05-22 22:29:58.943 [http-nio-8001-exec-1] DEBUG c.a.m.EduSubjectMapper.selectList - <==      Total: 3
2023-05-22 22:29:58.945 [http-nio-8001-exec-1] DEBUG c.a.m.EduSubjectMapper.selectList - ==>  Preparing: SELECT id,title,parent_id,sort,gmt_create,gmt_modified FROM edu_subject WHERE (parent_id <> ?)
2023-05-22 22:29:58.946 [http-nio-8001-exec-1] DEBUG c.a.m.EduSubjectMapper.selectList - ==> Parameters: 0(String)
2023-05-22 22:29:58.981 [http-nio-8001-exec-1] DEBUG c.a.m.EduSubjectMapper.selectList - <==      Total: 7
2023-05-22 22:29:59.647 [http-nio-8001-exec-2] DEBUG c.a.m.EduSubjectMapper.selectList - ==>  Preparing: SELECT id,title,parent_id,sort,gmt_create,gmt_modified FROM edu_subject WHERE (parent_id = ?)
2023-05-22 22:29:59.648 [http-nio-8001-exec-2] DEBUG c.a.m.EduSubjectMapper.selectList - ==> Parameters: 0(Integer)
2023-05-22 22:29:59.681 [http-nio-8001-exec-2] DEBUG c.a.m.EduSubjectMapper.selectList - <==      Total: 3
2023-05-22 22:29:59.682 [http-nio-8001-exec-2] DEBUG c.a.m.EduSubjectMapper.selectList - ==>  Preparing: SELECT id,title,parent_id,sort,gmt_create,gmt_modified FROM edu_subject WHERE (parent_id <> ?)
2023-05-22 22:29:59.683 [http-nio-8001-exec-2] DEBUG c.a.m.EduSubjectMapper.selectList - ==> Parameters: 0(String)
2023-05-22 22:29:59.716 [http-nio-8001-exec-2] DEBUG c.a.m.EduSubjectMapper.selectList - <==      Total: 7
2023-05-22 22:30:00.387 [http-nio-8001-exec-3] DEBUG c.a.m.EduSubjectMapper.selectList - ==>  Preparing: SELECT id,title,parent_id,sort,gmt_create,gmt_modified FROM edu_subject WHERE (parent_id = ?)
2023-05-22 22:30:00.387 [http-nio-8001-exec-3] DEBUG c.a.m.EduSubjectMapper.selectList - ==> Parameters: 0(Integer)
2023-05-22 22:30:00.421 [http-nio-8001-exec-3] DEBUG c.a.m.EduSubjectMapper.selectList - <==      Total: 3
2023-05-22 22:30:00.422 [http-nio-8001-exec-3] DEBUG c.a.m.EduSubjectMapper.selectList - ==>  Preparing: SELECT id,title,parent_id,sort,gmt_create,gmt_modified FROM edu_subject WHERE (parent_id <> ?)
2023-05-22 22:30:00.422 [http-nio-8001-exec-3] DEBUG c.a.m.EduSubjectMapper.selectList - ==> Parameters: 0(String)
2023-05-22 22:30:00.457 [http-nio-8001-exec-3] DEBUG c.a.m.EduSubjectMapper.selectList - <==      Total: 7
2023-05-22 22:30:00.896 [http-nio-8001-exec-4] DEBUG c.a.m.EduSubjectMapper.selectList - ==>  Preparing: SELECT id,title,parent_id,sort,gmt_create,gmt_modified FROM edu_subject WHERE (parent_id = ?)
2023-05-22 22:30:00.897 [http-nio-8001-exec-4] DEBUG c.a.m.EduSubjectMapper.selectList - ==> Parameters: 0(Integer)
2023-05-22 22:30:00.931 [http-nio-8001-exec-4] DEBUG c.a.m.EduSubjectMapper.selectList - <==      Total: 3
2023-05-22 22:30:00.932 [http-nio-8001-exec-4] DEBUG c.a.m.EduSubjectMapper.selectList - ==>  Preparing: SELECT id,title,parent_id,sort,gmt_create,gmt_modified FROM edu_subject WHERE (parent_id <> ?)
2023-05-22 22:30:00.933 [http-nio-8001-exec-4] DEBUG c.a.m.EduSubjectMapper.selectList - ==> Parameters: 0(String)
2023-05-22 22:30:00.967 [http-nio-8001-exec-4] DEBUG c.a.m.EduSubjectMapper.selectList - <==      Total: 7
2023-05-22 22:30:01.618 [http-nio-8001-exec-5] DEBUG c.a.m.EduSubjectMapper.selectList - ==>  Preparing: SELECT id,title,parent_id,sort,gmt_create,gmt_modified FROM edu_subject WHERE (parent_id = ?)
2023-05-22 22:30:01.618 [http-nio-8001-exec-5] DEBUG c.a.m.EduSubjectMapper.selectList - ==> Parameters: 0(Integer)
2023-05-22 22:30:01.652 [http-nio-8001-exec-5] DEBUG c.a.m.EduSubjectMapper.selectList - <==      Total: 3
2023-05-22 22:30:01.653 [http-nio-8001-exec-5] DEBUG c.a.m.EduSubjectMapper.selectList - ==>  Preparing: SELECT id,title,parent_id,sort,gmt_create,gmt_modified FROM edu_subject WHERE (parent_id <> ?)
2023-05-22 22:30:01.653 [http-nio-8001-exec-5] DEBUG c.a.m.EduSubjectMapper.selectList - ==> Parameters: 0(String)
2023-05-22 22:30:01.687 [http-nio-8001-exec-5] DEBUG c.a.m.EduSubjectMapper.selectList - <==      Total: 7
2023-05-22 22:30:04.002 [http-nio-8001-exec-6] DEBUG c.a.m.EduSubjectMapper.selectList - ==>  Preparing: SELECT id,title,parent_id,sort,gmt_create,gmt_modified FROM edu_subject WHERE (parent_id = ?)
2023-05-22 22:30:04.003 [http-nio-8001-exec-6] DEBUG c.a.m.EduSubjectMapper.selectList - ==> Parameters: 0(Integer)
2023-05-22 22:30:04.037 [http-nio-8001-exec-6] DEBUG c.a.m.EduSubjectMapper.selectList - <==      Total: 3
2023-05-22 22:30:04.038 [http-nio-8001-exec-6] DEBUG c.a.m.EduSubjectMapper.selectList - ==>  Preparing: SELECT id,title,parent_id,sort,gmt_create,gmt_modified FROM edu_subject WHERE (parent_id <> ?)
2023-05-22 22:30:04.042 [http-nio-8001-exec-6] DEBUG c.a.m.EduSubjectMapper.selectList - ==> Parameters: 0(String)
2023-05-22 22:30:04.076 [http-nio-8001-exec-6] DEBUG c.a.m.EduSubjectMapper.selectList - <==      Total: 7
2023-05-22 22:30:05.567 [http-nio-8001-exec-9] DEBUG c.a.m.EduSubjectMapper.selectList - ==>  Preparing: SELECT id,title,parent_id,sort,gmt_create,gmt_modified FROM edu_subject WHERE (parent_id = ?)
2023-05-22 22:30:05.567 [http-nio-8001-exec-9] DEBUG c.a.m.EduSubjectMapper.selectList - ==> Parameters: 0(Integer)
2023-05-22 22:30:05.601 [http-nio-8001-exec-9] DEBUG c.a.m.EduSubjectMapper.selectList - <==      Total: 3
2023-05-22 22:30:05.602 [http-nio-8001-exec-9] DEBUG c.a.m.EduSubjectMapper.selectList - ==>  Preparing: SELECT id,title,parent_id,sort,gmt_create,gmt_modified FROM edu_subject WHERE (parent_id <> ?)
2023-05-22 22:30:05.603 [http-nio-8001-exec-9] DEBUG c.a.m.EduSubjectMapper.selectList - ==> Parameters: 0(String)
2023-05-22 22:30:05.637 [http-nio-8001-exec-9] DEBUG c.a.m.EduSubjectMapper.selectList - <==      Total: 7
2023-05-22 22:30:10.488 [http-nio-8001-exec-10] DEBUG c.a.m.EduSubjectMapper.selectList - ==>  Preparing: SELECT id,title,parent_id,sort,gmt_create,gmt_modified FROM edu_subject WHERE (parent_id = ?)
2023-05-22 22:30:10.488 [http-nio-8001-exec-10] DEBUG c.a.m.EduSubjectMapper.selectList - ==> Parameters: 0(Integer)
2023-05-22 22:30:10.523 [http-nio-8001-exec-10] DEBUG c.a.m.EduSubjectMapper.selectList - <==      Total: 3
2023-05-22 22:30:10.524 [http-nio-8001-exec-10] DEBUG c.a.m.EduSubjectMapper.selectList - ==>  Preparing: SELECT id,title,parent_id,sort,gmt_create,gmt_modified FROM edu_subject WHERE (parent_id <> ?)
2023-05-22 22:30:10.525 [http-nio-8001-exec-10] DEBUG c.a.m.EduSubjectMapper.selectList - ==> Parameters: 0(String)
2023-05-22 22:30:10.559 [http-nio-8001-exec-10] DEBUG c.a.m.EduSubjectMapper.selectList - <==      Total: 7
2023-05-22 22:30:40.314 [http-nio-8001-exec-7] DEBUG c.a.m.EduSubjectMapper.selectList - ==>  Preparing: SELECT id,title,parent_id,sort,gmt_create,gmt_modified FROM edu_subject WHERE (parent_id = ?)
2023-05-22 22:30:40.314 [http-nio-8001-exec-7] DEBUG c.a.m.EduSubjectMapper.selectList - ==> Parameters: 0(Integer)
2023-05-22 22:30:40.348 [http-nio-8001-exec-7] DEBUG c.a.m.EduSubjectMapper.selectList - <==      Total: 3
2023-05-22 22:30:40.349 [http-nio-8001-exec-7] DEBUG c.a.m.EduSubjectMapper.selectList - ==>  Preparing: SELECT id,title,parent_id,sort,gmt_create,gmt_modified FROM edu_subject WHERE (parent_id <> ?)
2023-05-22 22:30:40.350 [http-nio-8001-exec-7] DEBUG c.a.m.EduSubjectMapper.selectList - ==> Parameters: 0(String)
2023-05-22 22:30:40.384 [http-nio-8001-exec-7] DEBUG c.a.m.EduSubjectMapper.selectList - <==      Total: 7
2023-05-22 22:30:41.018 [http-nio-8001-exec-8] DEBUG c.a.m.EduSubjectMapper.selectList - ==>  Preparing: SELECT id,title,parent_id,sort,gmt_create,gmt_modified FROM edu_subject WHERE (parent_id = ?)
2023-05-22 22:30:41.019 [http-nio-8001-exec-8] DEBUG c.a.m.EduSubjectMapper.selectList - ==> Parameters: 0(Integer)
2023-05-22 22:30:41.052 [http-nio-8001-exec-8] DEBUG c.a.m.EduSubjectMapper.selectList - <==      Total: 3
2023-05-22 22:30:41.053 [http-nio-8001-exec-8] DEBUG c.a.m.EduSubjectMapper.selectList - ==>  Preparing: SELECT id,title,parent_id,sort,gmt_create,gmt_modified FROM edu_subject WHERE (parent_id <> ?)
2023-05-22 22:30:41.054 [http-nio-8001-exec-8] DEBUG c.a.m.EduSubjectMapper.selectList - ==> Parameters: 0(String)
2023-05-22 22:30:41.088 [http-nio-8001-exec-8] DEBUG c.a.m.EduSubjectMapper.selectList - <==      Total: 7
2023-05-22 22:30:41.253 [http-nio-8001-exec-1] DEBUG c.a.m.EduSubjectMapper.selectList - ==>  Preparing: SELECT id,title,parent_id,sort,gmt_create,gmt_modified FROM edu_subject WHERE (parent_id = ?)
2023-05-22 22:30:41.253 [http-nio-8001-exec-1] DEBUG c.a.m.EduSubjectMapper.selectList - ==> Parameters: 0(Integer)
2023-05-22 22:30:41.286 [http-nio-8001-exec-1] DEBUG c.a.m.EduSubjectMapper.selectList - <==      Total: 3
2023-05-22 22:30:41.288 [http-nio-8001-exec-1] DEBUG c.a.m.EduSubjectMapper.selectList - ==>  Preparing: SELECT id,title,parent_id,sort,gmt_create,gmt_modified FROM edu_subject WHERE (parent_id <> ?)
2023-05-22 22:30:41.288 [http-nio-8001-exec-1] DEBUG c.a.m.EduSubjectMapper.selectList - ==> Parameters: 0(String)
2023-05-22 22:30:41.322 [http-nio-8001-exec-1] DEBUG c.a.m.EduSubjectMapper.selectList - <==      Total: 7
2023-05-22 22:30:41.498 [http-nio-8001-exec-2] DEBUG c.a.m.EduSubjectMapper.selectList - ==>  Preparing: SELECT id,title,parent_id,sort,gmt_create,gmt_modified FROM edu_subject WHERE (parent_id = ?)
2023-05-22 22:30:41.498 [http-nio-8001-exec-2] DEBUG c.a.m.EduSubjectMapper.selectList - ==> Parameters: 0(Integer)
2023-05-22 22:30:41.532 [http-nio-8001-exec-2] DEBUG c.a.m.EduSubjectMapper.selectList - <==      Total: 3
2023-05-22 22:30:41.534 [http-nio-8001-exec-2] DEBUG c.a.m.EduSubjectMapper.selectList - ==>  Preparing: SELECT id,title,parent_id,sort,gmt_create,gmt_modified FROM edu_subject WHERE (parent_id <> ?)
2023-05-22 22:30:41.534 [http-nio-8001-exec-2] DEBUG c.a.m.EduSubjectMapper.selectList - ==> Parameters: 0(String)
2023-05-22 22:30:41.567 [http-nio-8001-exec-2] DEBUG c.a.m.EduSubjectMapper.selectList - <==      Total: 7
2023-05-22 22:30:45.464 [SpringApplicationShutdownHook] INFO  com.zaxxer.hikari.HikariDataSource - HikariPool-1 - Shutdown initiated...
2023-05-22 22:30:45.787 [SpringApplicationShutdownHook] INFO  com.zaxxer.hikari.HikariDataSource - HikariPool-1 - Shutdown completed.
2023-05-22 22:30:53.300 [main] INFO  com.atguigu.EduApplication - Starting EduApplication using Java 1.8.0_371 on jaspercomputer with PID 30476 (D:\java\guli\service\service_edu\target\classes started by 21903 in D:\java\guli)
2023-05-22 22:30:53.302 [main] INFO  com.atguigu.EduApplication - The following 1 profile is active: "dev"
2023-05-22 22:30:54.928 [main] INFO  o.s.b.w.e.tomcat.TomcatWebServer - Tomcat initialized with port(s): 8001 (http)
2023-05-22 22:30:54.939 [main] INFO  o.a.catalina.core.StandardService - Starting service [Tomcat]
2023-05-22 22:30:54.939 [main] INFO  o.a.catalina.core.StandardEngine - Starting Servlet engine: [Apache Tomcat/9.0.74]
2023-05-22 22:30:55.180 [main] INFO  o.a.c.c.C.[Tomcat].[localhost].[/] - Initializing Spring embedded WebApplicationContext
2023-05-22 22:30:55.180 [main] INFO  o.s.b.w.s.c.ServletWebServerApplicationContext - Root WebApplicationContext: initialization completed in 1822 ms
2023-05-22 22:30:56.582 [main] INFO  o.s.b.w.e.tomcat.TomcatWebServer - Tomcat started on port(s): 8001 (http) with context path ''
2023-05-22 22:30:56.872 [main] INFO  com.atguigu.EduApplication - Started EduApplication in 4.173 seconds (JVM running for 6.634)
2023-05-22 22:31:05.678 [http-nio-8001-exec-1] INFO  o.a.c.c.C.[Tomcat].[localhost].[/] - Initializing Spring DispatcherServlet 'dispatcherServlet'
2023-05-22 22:31:05.678 [http-nio-8001-exec-1] INFO  o.s.web.servlet.DispatcherServlet - Initializing Servlet 'dispatcherServlet'
2023-05-22 22:31:05.680 [http-nio-8001-exec-1] INFO  o.s.web.servlet.DispatcherServlet - Completed initialization in 2 ms
2023-05-22 22:31:05.798 [http-nio-8001-exec-1] INFO  com.zaxxer.hikari.HikariDataSource - HikariPool-1 - Starting...
2023-05-22 22:31:06.221 [http-nio-8001-exec-1] INFO  com.zaxxer.hikari.HikariDataSource - HikariPool-1 - Start completed.
2023-05-22 22:31:06.230 [http-nio-8001-exec-1] DEBUG c.a.m.EduSubjectMapper.selectList - ==>  Preparing: SELECT id,title,parent_id,sort,gmt_create,gmt_modified FROM edu_subject WHERE (parent_id = ?)
2023-05-22 22:31:06.255 [http-nio-8001-exec-1] DEBUG c.a.m.EduSubjectMapper.selectList - ==> Parameters: 0(Integer)
2023-05-22 22:31:06.309 [http-nio-8001-exec-1] DEBUG c.a.m.EduSubjectMapper.selectList - <==      Total: 3
2023-05-22 22:31:06.316 [http-nio-8001-exec-1] DEBUG c.a.m.EduSubjectMapper.selectList - ==>  Preparing: SELECT id,title,parent_id,sort,gmt_create,gmt_modified FROM edu_subject WHERE (parent_id <> ?)
2023-05-22 22:31:06.317 [http-nio-8001-exec-1] DEBUG c.a.m.EduSubjectMapper.selectList - ==> Parameters: 0(String)
2023-05-22 22:31:06.349 [http-nio-8001-exec-1] DEBUG c.a.m.EduSubjectMapper.selectList - <==      Total: 7
2023-05-22 22:32:22.169 [http-nio-8001-exec-4] DEBUG c.a.m.EduSubjectMapper.selectList - ==>  Preparing: SELECT id,title,parent_id,sort,gmt_create,gmt_modified FROM edu_subject WHERE (parent_id = ?)
2023-05-22 22:32:22.169 [http-nio-8001-exec-4] DEBUG c.a.m.EduSubjectMapper.selectList - ==> Parameters: 0(Integer)
2023-05-22 22:32:22.201 [http-nio-8001-exec-4] DEBUG c.a.m.EduSubjectMapper.selectList - <==      Total: 3
2023-05-22 22:32:22.202 [http-nio-8001-exec-4] DEBUG c.a.m.EduSubjectMapper.selectList - ==>  Preparing: SELECT id,title,parent_id,sort,gmt_create,gmt_modified FROM edu_subject WHERE (parent_id <> ?)
2023-05-22 22:32:22.203 [http-nio-8001-exec-4] DEBUG c.a.m.EduSubjectMapper.selectList - ==> Parameters: 0(String)
2023-05-22 22:32:22.235 [http-nio-8001-exec-4] DEBUG c.a.m.EduSubjectMapper.selectList - <==      Total: 7
2023-05-22 22:33:50.662 [http-nio-8001-exec-5] DEBUG c.a.m.EduSubjectMapper.selectList - ==>  Preparing: SELECT id,title,parent_id,sort,gmt_create,gmt_modified FROM edu_subject WHERE (parent_id = ?)
2023-05-22 22:33:50.663 [http-nio-8001-exec-5] DEBUG c.a.m.EduSubjectMapper.selectList - ==> Parameters: 0(Integer)
2023-05-22 22:33:50.692 [http-nio-8001-exec-5] DEBUG c.a.m.EduSubjectMapper.selectList - <==      Total: 3
2023-05-22 22:33:50.694 [http-nio-8001-exec-5] DEBUG c.a.m.EduSubjectMapper.selectList - ==>  Preparing: SELECT id,title,parent_id,sort,gmt_create,gmt_modified FROM edu_subject WHERE (parent_id <> ?)
2023-05-22 22:33:50.694 [http-nio-8001-exec-5] DEBUG c.a.m.EduSubjectMapper.selectList - ==> Parameters: 0(String)
2023-05-22 22:33:50.725 [http-nio-8001-exec-5] DEBUG c.a.m.EduSubjectMapper.selectList - <==      Total: 7
2023-05-22 22:33:53.950 [http-nio-8001-exec-6] DEBUG c.a.m.EduSubjectMapper.selectList - ==>  Preparing: SELECT id,title,parent_id,sort,gmt_create,gmt_modified FROM edu_subject WHERE (parent_id = ?)
2023-05-22 22:33:53.950 [http-nio-8001-exec-6] DEBUG c.a.m.EduSubjectMapper.selectList - ==> Parameters: 0(Integer)
2023-05-22 22:33:53.981 [http-nio-8001-exec-6] DEBUG c.a.m.EduSubjectMapper.selectList - <==      Total: 3
2023-05-22 22:33:53.982 [http-nio-8001-exec-6] DEBUG c.a.m.EduSubjectMapper.selectList - ==>  Preparing: SELECT id,title,parent_id,sort,gmt_create,gmt_modified FROM edu_subject WHERE (parent_id <> ?)
2023-05-22 22:33:53.983 [http-nio-8001-exec-6] DEBUG c.a.m.EduSubjectMapper.selectList - ==> Parameters: 0(String)
2023-05-22 22:33:54.013 [http-nio-8001-exec-6] DEBUG c.a.m.EduSubjectMapper.selectList - <==      Total: 7
2023-05-22 22:33:58.309 [SpringApplicationShutdownHook] INFO  com.zaxxer.hikari.HikariDataSource - HikariPool-1 - Shutdown initiated...
2023-05-22 22:33:58.622 [SpringApplicationShutdownHook] INFO  com.zaxxer.hikari.HikariDataSource - HikariPool-1 - Shutdown completed.
2023-05-22 22:34:05.684 [main] INFO  com.atguigu.EduApplication - Starting EduApplication using Java 1.8.0_371 on jaspercomputer with PID 14736 (D:\java\guli\service\service_edu\target\classes started by 21903 in D:\java\guli)
2023-05-22 22:34:05.687 [main] INFO  com.atguigu.EduApplication - The following 1 profile is active: "dev"
2023-05-22 22:34:07.060 [main] INFO  o.s.b.w.e.tomcat.TomcatWebServer - Tomcat initialized with port(s): 8001 (http)
2023-05-22 22:34:07.071 [main] INFO  o.a.catalina.core.StandardService - Starting service [Tomcat]
2023-05-22 22:34:07.071 [main] INFO  o.a.catalina.core.StandardEngine - Starting Servlet engine: [Apache Tomcat/9.0.74]
2023-05-22 22:34:07.290 [main] INFO  o.a.c.c.C.[Tomcat].[localhost].[/] - Initializing Spring embedded WebApplicationContext
2023-05-22 22:34:07.290 [main] INFO  o.s.b.w.s.c.ServletWebServerApplicationContext - Root WebApplicationContext: initialization completed in 1564 ms
2023-05-22 22:34:08.513 [main] INFO  o.s.b.w.e.tomcat.TomcatWebServer - Tomcat started on port(s): 8001 (http) with context path ''
2023-05-22 22:34:08.774 [main] INFO  com.atguigu.EduApplication - Started EduApplication in 3.55 seconds (JVM running for 5.77)
2023-05-22 22:34:12.857 [http-nio-8001-exec-1] INFO  o.a.c.c.C.[Tomcat].[localhost].[/] - Initializing Spring DispatcherServlet 'dispatcherServlet'
2023-05-22 22:34:12.857 [http-nio-8001-exec-1] INFO  o.s.web.servlet.DispatcherServlet - Initializing Servlet 'dispatcherServlet'
2023-05-22 22:34:12.858 [http-nio-8001-exec-1] INFO  o.s.web.servlet.DispatcherServlet - Completed initialization in 1 ms
2023-05-22 22:34:12.949 [http-nio-8001-exec-1] INFO  com.zaxxer.hikari.HikariDataSource - HikariPool-1 - Starting...
2023-05-22 22:34:13.369 [http-nio-8001-exec-1] INFO  com.zaxxer.hikari.HikariDataSource - HikariPool-1 - Start completed.
2023-05-22 22:34:13.376 [http-nio-8001-exec-1] DEBUG c.a.m.EduSubjectMapper.selectList - ==>  Preparing: SELECT id,title,parent_id,sort,gmt_create,gmt_modified FROM edu_subject WHERE (parent_id = ?)
2023-05-22 22:34:13.397 [http-nio-8001-exec-1] DEBUG c.a.m.EduSubjectMapper.selectList - ==> Parameters: 0(Integer)
2023-05-22 22:34:13.448 [http-nio-8001-exec-1] DEBUG c.a.m.EduSubjectMapper.selectList - <==      Total: 3
2023-05-22 22:34:13.455 [http-nio-8001-exec-1] DEBUG c.a.m.EduSubjectMapper.selectList - ==>  Preparing: SELECT id,title,parent_id,sort,gmt_create,gmt_modified FROM edu_subject WHERE (parent_id <> ?)
2023-05-22 22:34:13.456 [http-nio-8001-exec-1] DEBUG c.a.m.EduSubjectMapper.selectList - ==> Parameters: 0(String)
2023-05-22 22:34:13.488 [http-nio-8001-exec-1] DEBUG c.a.m.EduSubjectMapper.selectList - <==      Total: 7
2023-05-22 22:37:57.674 [http-nio-8001-exec-3] WARN  o.m.s.mapper.ClassPathMapperScanner - No MyBatis mapper was found in '[com.atguigu.mapper]' package. Please check your configuration.
2023-05-22 22:37:57.711 [http-nio-8001-exec-3] DEBUG c.a.m.EduSubjectMapper.selectList - ==>  Preparing: SELECT id,title,parent_id,sort,gmt_create,gmt_modified FROM edu_subject WHERE (parent_id = ?)
2023-05-22 22:37:57.711 [http-nio-8001-exec-3] DEBUG c.a.m.EduSubjectMapper.selectList - ==> Parameters: 0(Integer)
2023-05-22 22:37:57.743 [http-nio-8001-exec-3] DEBUG c.a.m.EduSubjectMapper.selectList - <==      Total: 3
2023-05-22 22:37:57.745 [http-nio-8001-exec-3] DEBUG c.a.m.EduSubjectMapper.selectList - ==>  Preparing: SELECT id,title,parent_id,sort,gmt_create,gmt_modified FROM edu_subject WHERE (parent_id <> ?)
2023-05-22 22:37:57.745 [http-nio-8001-exec-3] DEBUG c.a.m.EduSubjectMapper.selectList - ==> Parameters: 0(String)
2023-05-22 22:37:57.779 [http-nio-8001-exec-3] DEBUG c.a.m.EduSubjectMapper.selectList - <==      Total: 7
2023-05-22 22:38:02.468 [SpringApplicationShutdownHook] INFO  com.zaxxer.hikari.HikariDataSource - HikariPool-1 - Shutdown initiated...
2023-05-22 22:38:02.782 [SpringApplicationShutdownHook] INFO  com.zaxxer.hikari.HikariDataSource - HikariPool-1 - Shutdown completed.
2023-05-22 22:38:08.825 [main] INFO  com.atguigu.EduApplication - Starting EduApplication using Java 1.8.0_371 on jaspercomputer with PID 25356 (D:\java\guli\service\service_edu\target\classes started by 21903 in D:\java\guli)
2023-05-22 22:38:08.827 [main] INFO  com.atguigu.EduApplication - The following 1 profile is active: "dev"
2023-05-22 22:38:10.036 [main] INFO  o.s.b.w.e.tomcat.TomcatWebServer - Tomcat initialized with port(s): 8001 (http)
2023-05-22 22:38:10.046 [main] INFO  o.a.catalina.core.StandardService - Starting service [Tomcat]
2023-05-22 22:38:10.046 [main] INFO  o.a.catalina.core.StandardEngine - Starting Servlet engine: [Apache Tomcat/9.0.74]
2023-05-22 22:38:10.139 [main] INFO  o.a.c.c.C.[Tomcat].[localhost].[/] - Initializing Spring embedded WebApplicationContext
2023-05-22 22:38:10.139 [main] INFO  o.s.b.w.s.c.ServletWebServerApplicationContext - Root WebApplicationContext: initialization completed in 1271 ms
2023-05-22 22:38:11.474 [main] INFO  o.s.b.w.e.tomcat.TomcatWebServer - Tomcat started on port(s): 8001 (http) with context path ''
2023-05-22 22:38:11.749 [main] INFO  com.atguigu.EduApplication - Started EduApplication in 3.386 seconds (JVM running for 5.697)
2023-05-22 22:38:14.799 [http-nio-8001-exec-2] INFO  o.a.c.c.C.[Tomcat].[localhost].[/] - Initializing Spring DispatcherServlet 'dispatcherServlet'
2023-05-22 22:38:14.799 [http-nio-8001-exec-2] INFO  o.s.web.servlet.DispatcherServlet - Initializing Servlet 'dispatcherServlet'
2023-05-22 22:38:14.800 [http-nio-8001-exec-2] INFO  o.s.web.servlet.DispatcherServlet - Completed initialization in 1 ms
2023-05-22 22:38:14.896 [http-nio-8001-exec-2] INFO  com.zaxxer.hikari.HikariDataSource - HikariPool-1 - Starting...
2023-05-22 22:38:34.473 [http-nio-8001-exec-2] ERROR com.zaxxer.hikari.pool.HikariPool - HikariPool-1 - Exception during pool initialization.
com.mysql.cj.jdbc.exceptions.CommunicationsException: Communications link failure

The last packet sent successfully to the server was 0 milliseconds ago. The driver has not received any packets from the server.
	at com.mysql.cj.jdbc.exceptions.SQLError.createCommunicationsException(SQLError.java:174)
	at com.mysql.cj.jdbc.exceptions.SQLExceptionsMapping.translateException(SQLExceptionsMapping.java:64)
	at com.mysql.cj.jdbc.ConnectionImpl.createNewIO(ConnectionImpl.java:824)
	at com.mysql.cj.jdbc.ConnectionImpl.<init>(ConnectionImpl.java:444)
	at com.mysql.cj.jdbc.ConnectionImpl.getInstance(ConnectionImpl.java:237)
	at com.mysql.cj.jdbc.NonRegisteringDriver.connect(NonRegisteringDriver.java:198)
	at com.zaxxer.hikari.util.DriverDataSource.getConnection(DriverDataSource.java:138)
	at com.zaxxer.hikari.pool.PoolBase.newConnection(PoolBase.java:364)
	at com.zaxxer.hikari.pool.PoolBase.newPoolEntry(PoolBase.java:206)
	at com.zaxxer.hikari.pool.HikariPool.createPoolEntry(HikariPool.java:476)
	at com.zaxxer.hikari.pool.HikariPool.checkFailFast(HikariPool.java:561)
	at com.zaxxer.hikari.pool.HikariPool.<init>(HikariPool.java:115)
	at com.zaxxer.hikari.HikariDataSource.getConnection(HikariDataSource.java:112)
	at org.springframework.jdbc.datasource.DataSourceUtils.fetchConnection(DataSourceUtils.java:159)
	at org.springframework.jdbc.datasource.DataSourceUtils.doGetConnection(DataSourceUtils.java:117)
	at org.springframework.jdbc.datasource.DataSourceUtils.getConnection(DataSourceUtils.java:80)
	at org.mybatis.spring.transaction.SpringManagedTransaction.openConnection(SpringManagedTransaction.java:80)
	at org.mybatis.spring.transaction.SpringManagedTransaction.getConnection(SpringManagedTransaction.java:67)
	at org.apache.ibatis.executor.BaseExecutor.getConnection(BaseExecutor.java:337)
	at org.apache.ibatis.executor.SimpleExecutor.prepareStatement(SimpleExecutor.java:86)
	at org.apache.ibatis.executor.SimpleExecutor.doQuery(SimpleExecutor.java:62)
	at org.apache.ibatis.executor.BaseExecutor.queryFromDatabase(BaseExecutor.java:325)
	at org.apache.ibatis.executor.BaseExecutor.query(BaseExecutor.java:156)
	at org.apache.ibatis.executor.CachingExecutor.query(CachingExecutor.java:109)
	at com.baomidou.mybatisplus.extension.plugins.MybatisPlusInterceptor.intercept(MybatisPlusInterceptor.java:81)
	at org.apache.ibatis.plugin.Plugin.invoke(Plugin.java:62)
	at com.sun.proxy.$Proxy113.query(Unknown Source)
	at org.apache.ibatis.session.defaults.DefaultSqlSession.selectList(DefaultSqlSession.java:151)
	at org.apache.ibatis.session.defaults.DefaultSqlSession.selectList(DefaultSqlSession.java:145)
	at org.apache.ibatis.session.defaults.DefaultSqlSession.selectList(DefaultSqlSession.java:140)
	at sun.reflect.NativeMethodAccessorImpl.invoke0(Native Method)
	at sun.reflect.NativeMethodAccessorImpl.invoke(NativeMethodAccessorImpl.java:62)
	at sun.reflect.DelegatingMethodAccessorImpl.invoke(DelegatingMethodAccessorImpl.java:43)
	at java.lang.reflect.Method.invoke(Method.java:498)
	at org.mybatis.spring.SqlSessionTemplate$SqlSessionInterceptor.invoke(SqlSessionTemplate.java:427)
	at com.sun.proxy.$Proxy82.selectList(Unknown Source)
	at org.mybatis.spring.SqlSessionTemplate.selectList(SqlSessionTemplate.java:224)
	at com.baomidou.mybatisplus.core.override.MybatisMapperMethod.executeForMany(MybatisMapperMethod.java:166)
	at com.baomidou.mybatisplus.core.override.MybatisMapperMethod.execute(MybatisMapperMethod.java:77)
	at com.baomidou.mybatisplus.core.override.MybatisMapperProxy$PlainMethodInvoker.invoke(MybatisMapperProxy.java:148)
	at com.baomidou.mybatisplus.core.override.MybatisMapperProxy.invoke(MybatisMapperProxy.java:89)
	at com.sun.proxy.$Proxy83.selectList(Unknown Source)
	at com.atguigu.service.impl.EduSubjectServiceImpl.getAllSubject(EduSubjectServiceImpl.java:47)
	at com.atguigu.service.impl.EduSubjectServiceImpl$$FastClassBySpringCGLIB$$1.invoke(<generated>)
	at org.springframework.cglib.proxy.MethodProxy.invoke(MethodProxy.java:218)
	at org.springframework.aop.framework.CglibAopProxy.invokeMethod(CglibAopProxy.java:386)
	at org.springframework.aop.framework.CglibAopProxy.access$000(CglibAopProxy.java:85)
	at org.springframework.aop.framework.CglibAopProxy$DynamicAdvisedInterceptor.intercept(CglibAopProxy.java:704)
	at com.atguigu.service.impl.EduSubjectServiceImpl$$EnhancerBySpringCGLIB$$1.getAllSubject(<generated>)
	at com.atguigu.Controller.EduSubjectController.getAllSubject(EduSubjectController.java:40)
	at sun.reflect.NativeMethodAccessorImpl.invoke0(Native Method)
	at sun.reflect.NativeMethodAccessorImpl.invoke(NativeMethodAccessorImpl.java:62)
	at sun.reflect.DelegatingMethodAccessorImpl.invoke(DelegatingMethodAccessorImpl.java:43)
	at java.lang.reflect.Method.invoke(Method.java:498)
	at org.springframework.web.method.support.InvocableHandlerMethod.doInvoke(InvocableHandlerMethod.java:205)
	at org.springframework.web.method.support.InvocableHandlerMethod.invokeForRequest(InvocableHandlerMethod.java:150)
	at org.springframework.web.servlet.mvc.method.annotation.ServletInvocableHandlerMethod.invokeAndHandle(ServletInvocableHandlerMethod.java:117)
	at org.springframework.web.servlet.mvc.method.annotation.RequestMappingHandlerAdapter.invokeHandlerMethod(RequestMappingHandlerAdapter.java:895)
	at org.springframework.web.servlet.mvc.method.annotation.RequestMappingHandlerAdapter.handleInternal(RequestMappingHandlerAdapter.java:808)
	at org.springframework.web.servlet.mvc.method.AbstractHandlerMethodAdapter.handle(AbstractHandlerMethodAdapter.java:87)
	at org.springframework.web.servlet.DispatcherServlet.doDispatch(DispatcherServlet.java:1072)
	at org.springframework.web.servlet.DispatcherServlet.doService(DispatcherServlet.java:965)
	at org.springframework.web.servlet.FrameworkServlet.processRequest(FrameworkServlet.java:1006)
	at org.springframework.web.servlet.FrameworkServlet.doGet(FrameworkServlet.java:898)
	at javax.servlet.http.HttpServlet.service(HttpServlet.java:529)
	at org.springframework.web.servlet.FrameworkServlet.service(FrameworkServlet.java:883)
	at javax.servlet.http.HttpServlet.service(HttpServlet.java:623)
	at org.apache.catalina.core.ApplicationFilterChain.internalDoFilter(ApplicationFilterChain.java:209)
	at org.apache.catalina.core.ApplicationFilterChain.doFilter(ApplicationFilterChain.java:153)
	at org.apache.tomcat.websocket.server.WsFilter.doFilter(WsFilter.java:51)
	at org.apache.catalina.core.ApplicationFilterChain.internalDoFilter(ApplicationFilterChain.java:178)
	at org.apache.catalina.core.ApplicationFilterChain.doFilter(ApplicationFilterChain.java:153)
	at org.springframework.web.filter.RequestContextFilter.doFilterInternal(RequestContextFilter.java:100)
	at org.springframework.web.filter.OncePerRequestFilter.doFilter(OncePerRequestFilter.java:117)
	at org.apache.catalina.core.ApplicationFilterChain.internalDoFilter(ApplicationFilterChain.java:178)
	at org.apache.catalina.core.ApplicationFilterChain.doFilter(ApplicationFilterChain.java:153)
	at org.springframework.web.filter.FormContentFilter.doFilterInternal(FormContentFilter.java:93)
	at org.springframework.web.filter.OncePerRequestFilter.doFilter(OncePerRequestFilter.java:117)
	at org.apache.catalina.core.ApplicationFilterChain.internalDoFilter(ApplicationFilterChain.java:178)
	at org.apache.catalina.core.ApplicationFilterChain.doFilter(ApplicationFilterChain.java:153)
	at org.springframework.web.filter.CharacterEncodingFilter.doFilterInternal(CharacterEncodingFilter.java:201)
	at org.springframework.web.filter.OncePerRequestFilter.doFilter(OncePerRequestFilter.java:117)
	at org.apache.catalina.core.ApplicationFilterChain.internalDoFilter(ApplicationFilterChain.java:178)
	at org.apache.catalina.core.ApplicationFilterChain.doFilter(ApplicationFilterChain.java:153)
	at org.apache.catalina.core.StandardWrapperValve.invoke(StandardWrapperValve.java:167)
	at org.apache.catalina.core.StandardContextValve.__invoke(StandardContextValve.java:90)
	at org.apache.catalina.core.StandardContextValve.invoke(StandardContextValve.java:41002)
	at org.apache.catalina.authenticator.AuthenticatorBase.invoke(AuthenticatorBase.java:481)
	at org.apache.catalina.core.StandardHostValve.invoke(StandardHostValve.java:130)
	at org.apache.catalina.valves.ErrorReportValve.invoke(ErrorReportValve.java:93)
	at org.apache.catalina.core.StandardEngineValve.invoke(StandardEngineValve.java:74)
	at org.apache.catalina.connector.CoyoteAdapter.service(CoyoteAdapter.java:343)
	at org.apache.coyote.http11.Http11Processor.service(Http11Processor.java:389)
	at org.apache.coyote.AbstractProcessorLight.process(AbstractProcessorLight.java:63)
	at org.apache.coyote.AbstractProtocol$ConnectionHandler.process(AbstractProtocol.java:926)
	at org.apache.tomcat.util.net.NioEndpoint$SocketProcessor.doRun(NioEndpoint.java:1791)
	at org.apache.tomcat.util.net.SocketProcessorBase.run(SocketProcessorBase.java:52)
	at org.apache.tomcat.util.threads.ThreadPoolExecutor.runWorker(ThreadPoolExecutor.java:1191)
	at org.apache.tomcat.util.threads.ThreadPoolExecutor$Worker.run(ThreadPoolExecutor.java:659)
	at org.apache.tomcat.util.threads.TaskThread$WrappingRunnable.run(TaskThread.java:61)
	at java.lang.Thread.run(Thread.java:750)
Caused by: com.mysql.cj.exceptions.CJCommunicationsException: Communications link failure

The last packet sent successfully to the server was 0 milliseconds ago. The driver has not received any packets from the server.
	at sun.reflect.NativeConstructorAccessorImpl.newInstance0(Native Method)
	at sun.reflect.NativeConstructorAccessorImpl.newInstance(NativeConstructorAccessorImpl.java:62)
	at sun.reflect.DelegatingConstructorAccessorImpl.newInstance(DelegatingConstructorAccessorImpl.java:45)
	at java.lang.reflect.Constructor.newInstance(Constructor.java:423)
	at com.mysql.cj.exceptions.ExceptionFactory.createException(ExceptionFactory.java:61)
	at com.mysql.cj.exceptions.ExceptionFactory.createException(ExceptionFactory.java:105)
	at com.mysql.cj.exceptions.ExceptionFactory.createException(ExceptionFactory.java:151)
	at com.mysql.cj.exceptions.ExceptionFactory.createCommunicationsException(ExceptionFactory.java:167)
	at com.mysql.cj.protocol.a.NativeSocketConnection.connect(NativeSocketConnection.java:89)
	at com.mysql.cj.NativeSession.connect(NativeSession.java:120)
	at com.mysql.cj.jdbc.ConnectionImpl.connectOneTryOnly(ConnectionImpl.java:944)
	at com.mysql.cj.jdbc.ConnectionImpl.createNewIO(ConnectionImpl.java:814)
	... 98 common frames omitted
Caused by: java.net.SocketException: Software caused connection abort: connect
	at java.net.DualStackPlainSocketImpl.waitForConnect(Native Method)
	at java.net.DualStackPlainSocketImpl.socketConnect(DualStackPlainSocketImpl.java:81)
	at java.net.AbstractPlainSocketImpl.doConnect(AbstractPlainSocketImpl.java:476)
	at java.net.AbstractPlainSocketImpl.connectToAddress(AbstractPlainSocketImpl.java:218)
	at java.net.AbstractPlainSocketImpl.connect(AbstractPlainSocketImpl.java:200)
	at java.net.PlainSocketImpl.connect(PlainSocketImpl.java:162)
	at java.net.SocksSocketImpl.connect(SocksSocketImpl.java:394)
	at java.net.Socket.connect(Socket.java:606)
	at com.mysql.cj.protocol.StandardSocketFactory.connect(StandardSocketFactory.java:153)
	at com.mysql.cj.protocol.a.NativeSocketConnection.connect(NativeSocketConnection.java:63)
	... 101 common frames omitted
2023-05-22 22:38:42.037 [http-nio-8001-exec-1] INFO  com.zaxxer.hikari.HikariDataSource - HikariPool-1 - Starting...
2023-05-22 22:38:42.408 [http-nio-8001-exec-1] INFO  com.zaxxer.hikari.HikariDataSource - HikariPool-1 - Start completed.
2023-05-22 22:38:42.415 [http-nio-8001-exec-1] DEBUG c.a.m.EduSubjectMapper.selectList - ==>  Preparing: SELECT id,title,parent_id,sort,gmt_create,gmt_modified FROM edu_subject WHERE (parent_id = ?)
2023-05-22 22:38:42.437 [http-nio-8001-exec-1] DEBUG c.a.m.EduSubjectMapper.selectList - ==> Parameters: 0(Integer)
2023-05-22 22:38:42.491 [http-nio-8001-exec-1] DEBUG c.a.m.EduSubjectMapper.selectList - <==      Total: 3
2023-05-22 22:38:42.497 [http-nio-8001-exec-1] DEBUG c.a.m.EduSubjectMapper.selectList - ==>  Preparing: SELECT id,title,parent_id,sort,gmt_create,gmt_modified FROM edu_subject WHERE (parent_id <> ?)
2023-05-22 22:38:42.498 [http-nio-8001-exec-1] DEBUG c.a.m.EduSubjectMapper.selectList - ==> Parameters: 0(String)
2023-05-22 22:38:42.532 [http-nio-8001-exec-1] DEBUG c.a.m.EduSubjectMapper.selectList - <==      Total: 7
2023-05-22 22:39:28.482 [http-nio-8001-exec-3] DEBUG c.a.m.EduSubjectMapper.selectList - ==>  Preparing: SELECT id,title,parent_id,sort,gmt_create,gmt_modified FROM edu_subject WHERE (parent_id = ?)
2023-05-22 22:39:28.482 [http-nio-8001-exec-3] DEBUG c.a.m.EduSubjectMapper.selectList - ==> Parameters: 0(Integer)
2023-05-22 22:39:28.515 [http-nio-8001-exec-3] DEBUG c.a.m.EduSubjectMapper.selectList - <==      Total: 3
2023-05-22 22:39:28.516 [http-nio-8001-exec-3] DEBUG c.a.m.EduSubjectMapper.selectList - ==>  Preparing: SELECT id,title,parent_id,sort,gmt_create,gmt_modified FROM edu_subject WHERE (parent_id <> ?)
2023-05-22 22:39:28.516 [http-nio-8001-exec-3] DEBUG c.a.m.EduSubjectMapper.selectList - ==> Parameters: 0(String)
2023-05-22 22:39:28.549 [http-nio-8001-exec-3] DEBUG c.a.m.EduSubjectMapper.selectList - <==      Total: 7
2023-05-22 22:39:37.296 [SpringApplicationShutdownHook] INFO  com.zaxxer.hikari.HikariDataSource - HikariPool-1 - Shutdown initiated...
2023-05-22 22:39:37.615 [SpringApplicationShutdownHook] INFO  com.zaxxer.hikari.HikariDataSource - HikariPool-1 - Shutdown completed.
2023-05-22 22:39:44.538 [main] INFO  com.atguigu.EduApplication - Starting EduApplication using Java 1.8.0_371 on jaspercomputer with PID 25008 (D:\java\guli\service\service_edu\target\classes started by 21903 in D:\java\guli)
2023-05-22 22:39:44.541 [main] INFO  com.atguigu.EduApplication - The following 1 profile is active: "dev"
2023-05-22 22:39:45.747 [main] INFO  o.s.b.w.e.tomcat.TomcatWebServer - Tomcat initialized with port(s): 8001 (http)
2023-05-22 22:39:45.754 [main] INFO  o.a.catalina.core.StandardService - Starting service [Tomcat]
2023-05-22 22:39:45.755 [main] INFO  o.a.catalina.core.StandardEngine - Starting Servlet engine: [Apache Tomcat/9.0.74]
2023-05-22 22:39:45.953 [main] INFO  o.a.c.c.C.[Tomcat].[localhost].[/] - Initializing Spring embedded WebApplicationContext
2023-05-22 22:39:45.953 [main] INFO  o.s.b.w.s.c.ServletWebServerApplicationContext - Root WebApplicationContext: initialization completed in 1374 ms
2023-05-22 22:39:47.168 [main] INFO  o.s.b.w.e.tomcat.TomcatWebServer - Tomcat started on port(s): 8001 (http) with context path ''
2023-05-22 22:39:47.439 [main] INFO  com.atguigu.EduApplication - Started EduApplication in 3.356 seconds (JVM running for 5.571)
2023-05-22 22:39:49.857 [http-nio-8001-exec-2] INFO  o.a.c.c.C.[Tomcat].[localhost].[/] - Initializing Spring DispatcherServlet 'dispatcherServlet'
2023-05-22 22:39:49.857 [http-nio-8001-exec-2] INFO  o.s.web.servlet.DispatcherServlet - Initializing Servlet 'dispatcherServlet'
2023-05-22 22:39:49.858 [http-nio-8001-exec-2] INFO  o.s.web.servlet.DispatcherServlet - Completed initialization in 1 ms
2023-05-22 22:39:49.948 [http-nio-8001-exec-2] INFO  com.zaxxer.hikari.HikariDataSource - HikariPool-1 - Starting...
2023-05-22 22:39:50.366 [http-nio-8001-exec-2] INFO  com.zaxxer.hikari.HikariDataSource - HikariPool-1 - Start completed.
2023-05-22 22:39:50.372 [http-nio-8001-exec-2] DEBUG c.a.m.EduSubjectMapper.selectList - ==>  Preparing: SELECT id,title,parent_id,sort,gmt_create,gmt_modified FROM edu_subject WHERE (parent_id = ?)
2023-05-22 22:39:50.392 [http-nio-8001-exec-2] DEBUG c.a.m.EduSubjectMapper.selectList - ==> Parameters: 0(Integer)
2023-05-22 22:39:50.449 [http-nio-8001-exec-2] DEBUG c.a.m.EduSubjectMapper.selectList - <==      Total: 3
2023-05-22 22:39:50.455 [http-nio-8001-exec-2] DEBUG c.a.m.EduSubjectMapper.selectList - ==>  Preparing: SELECT id,title,parent_id,sort,gmt_create,gmt_modified FROM edu_subject WHERE (parent_id <> ?)
2023-05-22 22:39:50.456 [http-nio-8001-exec-2] DEBUG c.a.m.EduSubjectMapper.selectList - ==> Parameters: 0(String)
2023-05-22 22:39:50.490 [http-nio-8001-exec-2] DEBUG c.a.m.EduSubjectMapper.selectList - <==      Total: 7
2023-05-22 22:41:46.508 [http-nio-8001-exec-3] DEBUG c.a.m.EduSubjectMapper.selectList - ==>  Preparing: SELECT id,title,parent_id,sort,gmt_create,gmt_modified FROM edu_subject WHERE (parent_id = ?)
2023-05-22 22:41:46.509 [http-nio-8001-exec-3] DEBUG c.a.m.EduSubjectMapper.selectList - ==> Parameters: 0(Integer)
2023-05-22 22:41:46.542 [http-nio-8001-exec-3] DEBUG c.a.m.EduSubjectMapper.selectList - <==      Total: 3
2023-05-22 22:41:46.544 [http-nio-8001-exec-3] DEBUG c.a.m.EduSubjectMapper.selectList - ==>  Preparing: SELECT id,title,parent_id,sort,gmt_create,gmt_modified FROM edu_subject WHERE (parent_id <> ?)
2023-05-22 22:41:46.544 [http-nio-8001-exec-3] DEBUG c.a.m.EduSubjectMapper.selectList - ==> Parameters: 0(String)
2023-05-22 22:41:46.578 [http-nio-8001-exec-3] DEBUG c.a.m.EduSubjectMapper.selectList - <==      Total: 7
2023-05-22 22:41:48.453 [http-nio-8001-exec-4] DEBUG c.a.m.EduSubjectMapper.selectList - ==>  Preparing: SELECT id,title,parent_id,sort,gmt_create,gmt_modified FROM edu_subject WHERE (parent_id = ?)
2023-05-22 22:41:48.453 [http-nio-8001-exec-4] DEBUG c.a.m.EduSubjectMapper.selectList - ==> Parameters: 0(Integer)
2023-05-22 22:41:48.488 [http-nio-8001-exec-4] DEBUG c.a.m.EduSubjectMapper.selectList - <==      Total: 3
2023-05-22 22:41:48.489 [http-nio-8001-exec-4] DEBUG c.a.m.EduSubjectMapper.selectList - ==>  Preparing: SELECT id,title,parent_id,sort,gmt_create,gmt_modified FROM edu_subject WHERE (parent_id <> ?)
2023-05-22 22:41:48.490 [http-nio-8001-exec-4] DEBUG c.a.m.EduSubjectMapper.selectList - ==> Parameters: 0(String)
2023-05-22 22:41:48.523 [http-nio-8001-exec-4] DEBUG c.a.m.EduSubjectMapper.selectList - <==      Total: 7
2023-05-22 22:41:55.756 [SpringApplicationShutdownHook] INFO  com.zaxxer.hikari.HikariDataSource - HikariPool-1 - Shutdown initiated...
2023-05-22 22:41:56.095 [SpringApplicationShutdownHook] INFO  com.zaxxer.hikari.HikariDataSource - HikariPool-1 - Shutdown completed.
2023-05-22 22:42:02.185 [main] INFO  com.atguigu.EduApplication - Starting EduApplication using Java 1.8.0_371 on jaspercomputer with PID 16448 (D:\java\guli\service\service_edu\target\classes started by 21903 in D:\java\guli)
2023-05-22 22:42:02.188 [main] INFO  com.atguigu.EduApplication - The following 1 profile is active: "dev"
2023-05-22 22:42:03.502 [main] INFO  o.s.b.w.e.tomcat.TomcatWebServer - Tomcat initialized with port(s): 8001 (http)
2023-05-22 22:42:03.510 [main] INFO  o.a.catalina.core.StandardService - Starting service [Tomcat]
2023-05-22 22:42:03.511 [main] INFO  o.a.catalina.core.StandardEngine - Starting Servlet engine: [Apache Tomcat/9.0.74]
2023-05-22 22:42:03.720 [main] INFO  o.a.c.c.C.[Tomcat].[localhost].[/] - Initializing Spring embedded WebApplicationContext
2023-05-22 22:42:03.721 [main] INFO  o.s.b.w.s.c.ServletWebServerApplicationContext - Root WebApplicationContext: initialization completed in 1493 ms
2023-05-22 22:42:04.886 [main] INFO  o.s.b.w.e.tomcat.TomcatWebServer - Tomcat started on port(s): 8001 (http) with context path ''
2023-05-22 22:42:05.148 [main] INFO  com.atguigu.EduApplication - Started EduApplication in 3.427 seconds (JVM running for 5.816)
2023-05-22 22:42:09.025 [http-nio-8001-exec-1] INFO  o.a.c.c.C.[Tomcat].[localhost].[/] - Initializing Spring DispatcherServlet 'dispatcherServlet'
2023-05-22 22:42:09.025 [http-nio-8001-exec-1] INFO  o.s.web.servlet.DispatcherServlet - Initializing Servlet 'dispatcherServlet'
2023-05-22 22:42:09.027 [http-nio-8001-exec-1] INFO  o.s.web.servlet.DispatcherServlet - Completed initialization in 2 ms
2023-05-22 22:42:09.112 [http-nio-8001-exec-1] INFO  com.zaxxer.hikari.HikariDataSource - HikariPool-1 - Starting...
2023-05-22 22:42:09.531 [http-nio-8001-exec-1] INFO  com.zaxxer.hikari.HikariDataSource - HikariPool-1 - Start completed.
2023-05-22 22:42:09.538 [http-nio-8001-exec-1] DEBUG c.a.m.EduSubjectMapper.selectList - ==>  Preparing: SELECT id,title,parent_id,sort,gmt_create,gmt_modified FROM edu_subject WHERE (parent_id = ?)
2023-05-22 22:42:09.558 [http-nio-8001-exec-1] DEBUG c.a.m.EduSubjectMapper.selectList - ==> Parameters: 0(Integer)
2023-05-22 22:42:09.611 [http-nio-8001-exec-1] DEBUG c.a.m.EduSubjectMapper.selectList - <==      Total: 3
2023-05-22 22:42:09.617 [http-nio-8001-exec-1] DEBUG c.a.m.EduSubjectMapper.selectList - ==>  Preparing: SELECT id,title,parent_id,sort,gmt_create,gmt_modified FROM edu_subject WHERE (parent_id <> ?)
2023-05-22 22:42:09.617 [http-nio-8001-exec-1] DEBUG c.a.m.EduSubjectMapper.selectList - ==> Parameters: 0(String)
2023-05-22 22:42:09.652 [http-nio-8001-exec-1] DEBUG c.a.m.EduSubjectMapper.selectList - <==      Total: 7
2023-05-22 22:50:43.421 [http-nio-8001-exec-3] WARN  o.m.s.mapper.ClassPathMapperScanner - No MyBatis mapper was found in '[com.atguigu.mapper]' package. Please check your configuration.
2023-05-22 22:50:43.578 [http-nio-8001-exec-3] DEBUG c.a.m.EduSubjectMapper.selectList - ==>  Preparing: SELECT id,title,parent_id,sort,gmt_create,gmt_modified FROM edu_subject WHERE (parent_id = ?)
2023-05-22 22:50:43.581 [http-nio-8001-exec-3] DEBUG c.a.m.EduSubjectMapper.selectList - ==> Parameters: 0(Integer)
2023-05-22 22:50:43.616 [http-nio-8001-exec-3] DEBUG c.a.m.EduSubjectMapper.selectList - <==      Total: 3
2023-05-22 22:50:43.618 [http-nio-8001-exec-3] DEBUG c.a.m.EduSubjectMapper.selectList - ==>  Preparing: SELECT id,title,parent_id,sort,gmt_create,gmt_modified FROM edu_subject WHERE (parent_id <> ?)
2023-05-22 22:50:43.619 [http-nio-8001-exec-3] DEBUG c.a.m.EduSubjectMapper.selectList - ==> Parameters: 0(String)
2023-05-22 22:50:43.657 [http-nio-8001-exec-3] DEBUG c.a.m.EduSubjectMapper.selectList - <==      Total: 7
2023-05-22 22:52:27.846 [http-nio-8001-exec-5] WARN  o.m.s.mapper.ClassPathMapperScanner - No MyBatis mapper was found in '[com.atguigu.mapper]' package. Please check your configuration.
2023-05-22 22:52:27.930 [http-nio-8001-exec-5] DEBUG c.a.m.EduSubjectMapper.selectList - ==>  Preparing: SELECT id,title,parent_id,sort,gmt_create,gmt_modified FROM edu_subject WHERE (parent_id = ?)
2023-05-22 22:52:27.931 [http-nio-8001-exec-5] DEBUG c.a.m.EduSubjectMapper.selectList - ==> Parameters: 0(Integer)
2023-05-22 22:52:27.964 [http-nio-8001-exec-5] DEBUG c.a.m.EduSubjectMapper.selectList - <==      Total: 3
2023-05-22 22:52:27.966 [http-nio-8001-exec-5] DEBUG c.a.m.EduSubjectMapper.selectList - ==>  Preparing: SELECT id,title,parent_id,sort,gmt_create,gmt_modified FROM edu_subject WHERE (parent_id <> ?)
2023-05-22 22:52:27.967 [http-nio-8001-exec-5] DEBUG c.a.m.EduSubjectMapper.selectList - ==> Parameters: 0(String)
2023-05-22 22:52:28.001 [http-nio-8001-exec-5] DEBUG c.a.m.EduSubjectMapper.selectList - <==      Total: 7
2023-05-22 22:55:12.854 [http-nio-8001-exec-7] WARN  o.m.s.mapper.ClassPathMapperScanner - No MyBatis mapper was found in '[com.atguigu.mapper]' package. Please check your configuration.
2023-05-22 22:55:12.931 [http-nio-8001-exec-7] DEBUG c.a.m.EduSubjectMapper.selectList - ==>  Preparing: SELECT id,title,parent_id,sort,gmt_create,gmt_modified FROM edu_subject WHERE (parent_id = ?)
2023-05-22 22:55:12.932 [http-nio-8001-exec-7] DEBUG c.a.m.EduSubjectMapper.selectList - ==> Parameters: 0(Integer)
2023-05-22 22:55:12.966 [http-nio-8001-exec-7] DEBUG c.a.m.EduSubjectMapper.selectList - <==      Total: 3
2023-05-22 22:55:12.968 [http-nio-8001-exec-7] DEBUG c.a.m.EduSubjectMapper.selectList - ==>  Preparing: SELECT id,title,parent_id,sort,gmt_create,gmt_modified FROM edu_subject WHERE (parent_id <> ?)
2023-05-22 22:55:12.969 [http-nio-8001-exec-7] DEBUG c.a.m.EduSubjectMapper.selectList - ==> Parameters: 0(String)
2023-05-22 22:55:13.003 [http-nio-8001-exec-7] DEBUG c.a.m.EduSubjectMapper.selectList - <==      Total: 7
2023-05-22 22:57:53.909 [http-nio-8001-exec-9] WARN  o.m.s.mapper.ClassPathMapperScanner - No MyBatis mapper was found in '[com.atguigu.mapper]' package. Please check your configuration.
2023-05-22 22:57:53.982 [http-nio-8001-exec-9] DEBUG c.a.m.EduSubjectMapper.selectList - ==>  Preparing: SELECT id,title,parent_id,sort,gmt_create,gmt_modified FROM edu_subject WHERE (parent_id = ?)
2023-05-22 22:57:53.982 [http-nio-8001-exec-9] DEBUG c.a.m.EduSubjectMapper.selectList - ==> Parameters: 0(Integer)
2023-05-22 22:57:54.016 [http-nio-8001-exec-9] DEBUG c.a.m.EduSubjectMapper.selectList - <==      Total: 3
2023-05-22 22:57:54.018 [http-nio-8001-exec-9] DEBUG c.a.m.EduSubjectMapper.selectList - ==>  Preparing: SELECT id,title,parent_id,sort,gmt_create,gmt_modified FROM edu_subject WHERE (parent_id <> ?)
2023-05-22 22:57:54.019 [http-nio-8001-exec-9] DEBUG c.a.m.EduSubjectMapper.selectList - ==> Parameters: 0(String)
2023-05-22 22:57:54.052 [http-nio-8001-exec-9] DEBUG c.a.m.EduSubjectMapper.selectList - <==      Total: 7
2023-05-22 23:20:29.705 [http-nio-8001-exec-1] WARN  o.m.s.mapper.ClassPathMapperScanner - No MyBatis mapper was found in '[com.atguigu.mapper]' package. Please check your configuration.
2023-05-22 23:20:29.782 [http-nio-8001-exec-1] DEBUG c.a.m.EduSubjectMapper.selectList - ==>  Preparing: SELECT id,title,parent_id,sort,gmt_create,gmt_modified FROM edu_subject WHERE (parent_id = ?)
2023-05-22 23:20:29.782 [http-nio-8001-exec-1] DEBUG c.a.m.EduSubjectMapper.selectList - ==> Parameters: 0(Integer)
2023-05-22 23:20:29.817 [http-nio-8001-exec-1] DEBUG c.a.m.EduSubjectMapper.selectList - <==      Total: 3
2023-05-22 23:20:29.819 [http-nio-8001-exec-1] DEBUG c.a.m.EduSubjectMapper.selectList - ==>  Preparing: SELECT id,title,parent_id,sort,gmt_create,gmt_modified FROM edu_subject WHERE (parent_id <> ?)
2023-05-22 23:20:29.820 [http-nio-8001-exec-1] DEBUG c.a.m.EduSubjectMapper.selectList - ==> Parameters: 0(String)
2023-05-22 23:20:29.853 [http-nio-8001-exec-1] DEBUG c.a.m.EduSubjectMapper.selectList - <==      Total: 7
2023-05-22 23:20:34.559 [http-nio-8001-exec-3] DEBUG c.a.m.EduSubjectMapper.selectList - ==>  Preparing: SELECT id,title,parent_id,sort,gmt_create,gmt_modified FROM edu_subject WHERE (parent_id = ?)
2023-05-22 23:20:34.560 [http-nio-8001-exec-3] DEBUG c.a.m.EduSubjectMapper.selectList - ==> Parameters: 0(Integer)
2023-05-22 23:20:34.596 [http-nio-8001-exec-3] DEBUG c.a.m.EduSubjectMapper.selectList - <==      Total: 3
2023-05-22 23:20:34.599 [http-nio-8001-exec-3] DEBUG c.a.m.EduSubjectMapper.selectList - ==>  Preparing: SELECT id,title,parent_id,sort,gmt_create,gmt_modified FROM edu_subject WHERE (parent_id <> ?)
2023-05-22 23:20:34.599 [http-nio-8001-exec-3] DEBUG c.a.m.EduSubjectMapper.selectList - ==> Parameters: 0(String)
2023-05-22 23:20:34.632 [http-nio-8001-exec-3] DEBUG c.a.m.EduSubjectMapper.selectList - <==      Total: 7
2023-05-22 23:20:48.867 [http-nio-8001-exec-4] DEBUG c.a.m.E.selectPage_mpCount - ==>  Preparing: SELECT COUNT(*) AS total FROM edu_teacher WHERE is_deleted = 0
2023-05-22 23:20:48.867 [http-nio-8001-exec-4] DEBUG c.a.m.E.selectPage_mpCount - ==> Parameters: 
2023-05-22 23:20:48.902 [http-nio-8001-exec-4] DEBUG c.a.m.E.selectPage_mpCount - <==      Total: 1
2023-05-22 23:20:48.907 [http-nio-8001-exec-4] DEBUG c.a.m.EduTeacherMapper.selectPage - ==>  Preparing: SELECT id,name,intro,career,level,avatar,sort,is_deleted,gmt_create,gmt_modified FROM edu_teacher WHERE is_deleted=0 ORDER BY gmt_create DESC LIMIT ?
2023-05-22 23:20:48.908 [http-nio-8001-exec-4] DEBUG c.a.m.EduTeacherMapper.selectPage - ==> Parameters: 8(Long)
2023-05-22 23:20:48.943 [http-nio-8001-exec-4] DEBUG c.a.m.EduTeacherMapper.selectPage - <==      Total: 8
2023-05-22 23:20:51.945 [http-nio-8001-exec-5] DEBUG c.a.m.EduSubjectMapper.selectList - ==>  Preparing: SELECT id,title,parent_id,sort,gmt_create,gmt_modified FROM edu_subject WHERE (parent_id = ?)
2023-05-22 23:20:51.946 [http-nio-8001-exec-5] DEBUG c.a.m.EduSubjectMapper.selectList - ==> Parameters: 0(Integer)
2023-05-22 23:20:51.980 [http-nio-8001-exec-5] DEBUG c.a.m.EduSubjectMapper.selectList - <==      Total: 3
2023-05-22 23:20:51.982 [http-nio-8001-exec-5] DEBUG c.a.m.EduSubjectMapper.selectList - ==>  Preparing: SELECT id,title,parent_id,sort,gmt_create,gmt_modified FROM edu_subject WHERE (parent_id <> ?)
2023-05-22 23:20:51.982 [http-nio-8001-exec-5] DEBUG c.a.m.EduSubjectMapper.selectList - ==> Parameters: 0(String)
2023-05-22 23:20:52.016 [http-nio-8001-exec-5] DEBUG c.a.m.EduSubjectMapper.selectList - <==      Total: 7
2023-05-22 23:21:11.499 [http-nio-8001-exec-7] DEBUG c.a.m.EduSubjectMapper.selectList - ==>  Preparing: SELECT id,title,parent_id,sort,gmt_create,gmt_modified FROM edu_subject WHERE (parent_id = ?)
2023-05-22 23:21:11.500 [http-nio-8001-exec-7] DEBUG c.a.m.EduSubjectMapper.selectList - ==> Parameters: 0(Integer)
2023-05-22 23:21:11.535 [http-nio-8001-exec-7] DEBUG c.a.m.EduSubjectMapper.selectList - <==      Total: 3
2023-05-22 23:21:11.538 [http-nio-8001-exec-7] DEBUG c.a.m.EduSubjectMapper.selectList - ==>  Preparing: SELECT id,title,parent_id,sort,gmt_create,gmt_modified FROM edu_subject WHERE (parent_id <> ?)
2023-05-22 23:21:11.538 [http-nio-8001-exec-7] DEBUG c.a.m.EduSubjectMapper.selectList - ==> Parameters: 0(String)
2023-05-22 23:21:11.572 [http-nio-8001-exec-7] DEBUG c.a.m.EduSubjectMapper.selectList - <==      Total: 7
2023-05-22 23:21:41.130 [http-nio-8001-exec-8] DEBUG c.a.m.EduSubjectMapper.selectList - ==>  Preparing: SELECT id,title,parent_id,sort,gmt_create,gmt_modified FROM edu_subject WHERE (parent_id = ?)
2023-05-22 23:21:41.130 [http-nio-8001-exec-8] DEBUG c.a.m.EduSubjectMapper.selectList - ==> Parameters: 0(Integer)
2023-05-22 23:21:41.163 [http-nio-8001-exec-8] DEBUG c.a.m.EduSubjectMapper.selectList - <==      Total: 3
2023-05-22 23:21:41.166 [http-nio-8001-exec-8] DEBUG c.a.m.EduSubjectMapper.selectList - ==>  Preparing: SELECT id,title,parent_id,sort,gmt_create,gmt_modified FROM edu_subject WHERE (parent_id <> ?)
2023-05-22 23:21:41.166 [http-nio-8001-exec-8] DEBUG c.a.m.EduSubjectMapper.selectList - ==> Parameters: 0(String)
2023-05-22 23:21:41.203 [http-nio-8001-exec-8] DEBUG c.a.m.EduSubjectMapper.selectList - <==      Total: 7
2023-05-22 23:22:30.414 [http-nio-8001-exec-9] DEBUG c.a.m.EduSubjectMapper.selectList - ==>  Preparing: SELECT id,title,parent_id,sort,gmt_create,gmt_modified FROM edu_subject WHERE (parent_id = ?)
2023-05-22 23:22:30.415 [http-nio-8001-exec-9] DEBUG c.a.m.EduSubjectMapper.selectList - ==> Parameters: 0(Integer)
2023-05-22 23:22:30.449 [http-nio-8001-exec-9] DEBUG c.a.m.EduSubjectMapper.selectList - <==      Total: 3
2023-05-22 23:22:30.450 [http-nio-8001-exec-9] DEBUG c.a.m.EduSubjectMapper.selectList - ==>  Preparing: SELECT id,title,parent_id,sort,gmt_create,gmt_modified FROM edu_subject WHERE (parent_id <> ?)
2023-05-22 23:22:30.450 [http-nio-8001-exec-9] DEBUG c.a.m.EduSubjectMapper.selectList - ==> Parameters: 0(String)
2023-05-22 23:22:30.484 [http-nio-8001-exec-9] DEBUG c.a.m.EduSubjectMapper.selectList - <==      Total: 7
2023-05-22 23:22:33.540 [http-nio-8001-exec-10] DEBUG c.a.m.EduSubjectMapper.selectList - ==>  Preparing: SELECT id,title,parent_id,sort,gmt_create,gmt_modified FROM edu_subject WHERE (parent_id = ?)
2023-05-22 23:22:33.541 [http-nio-8001-exec-10] DEBUG c.a.m.EduSubjectMapper.selectList - ==> Parameters: 0(Integer)
2023-05-22 23:22:33.575 [http-nio-8001-exec-10] DEBUG c.a.m.EduSubjectMapper.selectList - <==      Total: 3
2023-05-22 23:22:33.576 [http-nio-8001-exec-10] DEBUG c.a.m.EduSubjectMapper.selectList - ==>  Preparing: SELECT id,title,parent_id,sort,gmt_create,gmt_modified FROM edu_subject WHERE (parent_id <> ?)
2023-05-22 23:22:33.576 [http-nio-8001-exec-10] DEBUG c.a.m.EduSubjectMapper.selectList - ==> Parameters: 0(String)
2023-05-22 23:22:33.610 [http-nio-8001-exec-10] DEBUG c.a.m.EduSubjectMapper.selectList - <==      Total: 7
2023-05-22 23:22:36.720 [http-nio-8001-exec-1] DEBUG c.a.m.EduSubjectMapper.selectList - ==>  Preparing: SELECT id,title,parent_id,sort,gmt_create,gmt_modified FROM edu_subject WHERE (parent_id = ?)
2023-05-22 23:22:36.720 [http-nio-8001-exec-1] DEBUG c.a.m.EduSubjectMapper.selectList - ==> Parameters: 0(Integer)
2023-05-22 23:22:36.754 [http-nio-8001-exec-1] DEBUG c.a.m.EduSubjectMapper.selectList - <==      Total: 3
2023-05-22 23:22:36.756 [http-nio-8001-exec-1] DEBUG c.a.m.EduSubjectMapper.selectList - ==>  Preparing: SELECT id,title,parent_id,sort,gmt_create,gmt_modified FROM edu_subject WHERE (parent_id <> ?)
2023-05-22 23:22:36.756 [http-nio-8001-exec-1] DEBUG c.a.m.EduSubjectMapper.selectList - ==> Parameters: 0(String)
2023-05-22 23:22:36.790 [http-nio-8001-exec-1] DEBUG c.a.m.EduSubjectMapper.selectList - <==      Total: 7
2023-05-22 23:23:38.640 [http-nio-8001-exec-2] DEBUG c.a.m.EduSubjectMapper.selectList - ==>  Preparing: SELECT id,title,parent_id,sort,gmt_create,gmt_modified FROM edu_subject WHERE (parent_id = ?)
2023-05-22 23:23:38.641 [http-nio-8001-exec-2] DEBUG c.a.m.EduSubjectMapper.selectList - ==> Parameters: 0(Integer)
2023-05-22 23:23:38.673 [http-nio-8001-exec-2] DEBUG c.a.m.EduSubjectMapper.selectList - <==      Total: 3
2023-05-22 23:23:38.674 [http-nio-8001-exec-2] DEBUG c.a.m.EduSubjectMapper.selectList - ==>  Preparing: SELECT id,title,parent_id,sort,gmt_create,gmt_modified FROM edu_subject WHERE (parent_id <> ?)
2023-05-22 23:23:38.674 [http-nio-8001-exec-2] DEBUG c.a.m.EduSubjectMapper.selectList - ==> Parameters: 0(String)
2023-05-22 23:23:38.709 [http-nio-8001-exec-2] DEBUG c.a.m.EduSubjectMapper.selectList - <==      Total: 7
2023-05-22 23:23:45.323 [http-nio-8001-exec-3] DEBUG c.a.m.EduSubjectMapper.selectList - ==>  Preparing: SELECT id,title,parent_id,sort,gmt_create,gmt_modified FROM edu_subject WHERE (parent_id = ?)
2023-05-22 23:23:45.323 [http-nio-8001-exec-3] DEBUG c.a.m.EduSubjectMapper.selectList - ==> Parameters: 0(Integer)
2023-05-22 23:23:45.357 [http-nio-8001-exec-3] DEBUG c.a.m.EduSubjectMapper.selectList - <==      Total: 3
2023-05-22 23:23:45.358 [http-nio-8001-exec-3] DEBUG c.a.m.EduSubjectMapper.selectList - ==>  Preparing: SELECT id,title,parent_id,sort,gmt_create,gmt_modified FROM edu_subject WHERE (parent_id <> ?)
2023-05-22 23:23:45.359 [http-nio-8001-exec-3] DEBUG c.a.m.EduSubjectMapper.selectList - ==> Parameters: 0(String)
2023-05-22 23:23:45.393 [http-nio-8001-exec-3] DEBUG c.a.m.EduSubjectMapper.selectList - <==      Total: 7
2023-05-22 23:24:16.396 [http-nio-8001-exec-4] DEBUG c.a.m.EduSubjectMapper.selectList - ==>  Preparing: SELECT id,title,parent_id,sort,gmt_create,gmt_modified FROM edu_subject WHERE (parent_id = ?)
2023-05-22 23:24:16.397 [http-nio-8001-exec-4] DEBUG c.a.m.EduSubjectMapper.selectList - ==> Parameters: 0(Integer)
2023-05-22 23:24:16.429 [http-nio-8001-exec-4] DEBUG c.a.m.EduSubjectMapper.selectList - <==      Total: 3
2023-05-22 23:24:16.431 [http-nio-8001-exec-4] DEBUG c.a.m.EduSubjectMapper.selectList - ==>  Preparing: SELECT id,title,parent_id,sort,gmt_create,gmt_modified FROM edu_subject WHERE (parent_id <> ?)
2023-05-22 23:24:16.431 [http-nio-8001-exec-4] DEBUG c.a.m.EduSubjectMapper.selectList - ==> Parameters: 0(String)
2023-05-22 23:24:16.466 [http-nio-8001-exec-4] DEBUG c.a.m.EduSubjectMapper.selectList - <==      Total: 7
2023-05-22 23:24:22.969 [http-nio-8001-exec-5] DEBUG c.a.m.EduSubjectMapper.selectList - ==>  Preparing: SELECT id,title,parent_id,sort,gmt_create,gmt_modified FROM edu_subject WHERE (parent_id = ?)
2023-05-22 23:24:22.970 [http-nio-8001-exec-5] DEBUG c.a.m.EduSubjectMapper.selectList - ==> Parameters: 0(Integer)
2023-05-22 23:24:23.003 [http-nio-8001-exec-5] DEBUG c.a.m.EduSubjectMapper.selectList - <==      Total: 3
2023-05-22 23:24:23.004 [http-nio-8001-exec-5] DEBUG c.a.m.EduSubjectMapper.selectList - ==>  Preparing: SELECT id,title,parent_id,sort,gmt_create,gmt_modified FROM edu_subject WHERE (parent_id <> ?)
2023-05-22 23:24:23.004 [http-nio-8001-exec-5] DEBUG c.a.m.EduSubjectMapper.selectList - ==> Parameters: 0(String)
2023-05-22 23:24:23.038 [http-nio-8001-exec-5] DEBUG c.a.m.EduSubjectMapper.selectList - <==      Total: 7
2023-05-22 23:25:08.796 [http-nio-8001-exec-6] DEBUG c.a.m.EduSubjectMapper.selectList - ==>  Preparing: SELECT id,title,parent_id,sort,gmt_create,gmt_modified FROM edu_subject WHERE (parent_id = ?)
2023-05-22 23:25:08.796 [http-nio-8001-exec-6] DEBUG c.a.m.EduSubjectMapper.selectList - ==> Parameters: 0(Integer)
2023-05-22 23:25:08.830 [http-nio-8001-exec-6] DEBUG c.a.m.EduSubjectMapper.selectList - <==      Total: 3
2023-05-22 23:25:08.832 [http-nio-8001-exec-6] DEBUG c.a.m.EduSubjectMapper.selectList - ==>  Preparing: SELECT id,title,parent_id,sort,gmt_create,gmt_modified FROM edu_subject WHERE (parent_id <> ?)
2023-05-22 23:25:08.832 [http-nio-8001-exec-6] DEBUG c.a.m.EduSubjectMapper.selectList - ==> Parameters: 0(String)
2023-05-22 23:25:08.865 [http-nio-8001-exec-6] DEBUG c.a.m.EduSubjectMapper.selectList - <==      Total: 7
